[0.009s] Invoking command in '/home/eddie/Documents/GitHub/robomaster_cv/build/realsense2_description': AMENT_PREFIX_PATH=/home/eddie/Documents/GitHub/robomaster_cv/install/realsense2_camera_msgs:${AMENT_PREFIX_PATH} CMAKE_PREFIX_PATH=/home/eddie/Documents/GitHub/robomaster_cv/install/realsense2_camera_msgs:/opt/ros/humble LD_LIBRARY_PATH=/home/eddie/Documents/GitHub/robomaster_cv/install/realsense2_camera_msgs/lib:${LD_LIBRARY_PATH} PYTHONPATH=/home/eddie/Documents/GitHub/robomaster_cv/install/realsense2_camera_msgs/local/lib/python3.10/dist-packages:${PYTHONPATH} /usr/bin/cmake /home/eddie/Documents/GitHub/robomaster_cv/src/realsense-ros/realsense2_description -DCMAKE_INSTALL_PREFIX=/home/eddie/Documents/GitHub/robomaster_cv/install/realsense2_description
[0.052s] -- The C compiler identification is GNU 11.4.0
[0.095s] -- The CXX compiler identification is GNU 11.4.0
[0.101s] -- Detecting C compiler ABI info
[0.156s] -- Detecting C compiler ABI info - done
[0.162s] -- Check for working C compiler: /usr/bin/cc - skipped
[0.162s] -- Detecting C compile features
[0.162s] -- Detecting C compile features - done
[0.165s] -- Detecting CXX compiler ABI info
[0.232s] -- Detecting CXX compiler ABI info - done
[0.242s] -- Check for working CXX compiler: /usr/bin/c++ - skipped
[0.242s] -- Detecting CXX compile features
[0.242s] -- Detecting CXX compile features - done
[0.245s] -- Found ament_cmake: 1.3.5 (/opt/ros/humble/share/ament_cmake/cmake)
[0.378s] -- Found Python3: /usr/bin/python3.10 (found version "3.10.12") found components: Interpreter 
[0.498s] -- Configuring done
[0.501s] -- Generating done
[0.502s] -- Build files have been written to: /home/eddie/Documents/GitHub/robomaster_cv/build/realsense2_description
[0.506s] Invoked command in '/home/eddie/Documents/GitHub/robomaster_cv/build/realsense2_description' returned '0': AMENT_PREFIX_PATH=/home/eddie/Documents/GitHub/robomaster_cv/install/realsense2_camera_msgs:${AMENT_PREFIX_PATH} CMAKE_PREFIX_PATH=/home/eddie/Documents/GitHub/robomaster_cv/install/realsense2_camera_msgs:/opt/ros/humble LD_LIBRARY_PATH=/home/eddie/Documents/GitHub/robomaster_cv/install/realsense2_camera_msgs/lib:${LD_LIBRARY_PATH} PYTHONPATH=/home/eddie/Documents/GitHub/robomaster_cv/install/realsense2_camera_msgs/local/lib/python3.10/dist-packages:${PYTHONPATH} /usr/bin/cmake /home/eddie/Documents/GitHub/robomaster_cv/src/realsense-ros/realsense2_description -DCMAKE_INSTALL_PREFIX=/home/eddie/Documents/GitHub/robomaster_cv/install/realsense2_description
[0.508s] Invoking command in '/home/eddie/Documents/GitHub/robomaster_cv/build/realsense2_description': AMENT_PREFIX_PATH=/home/eddie/Documents/GitHub/robomaster_cv/install/realsense2_camera_msgs:${AMENT_PREFIX_PATH} CMAKE_PREFIX_PATH=/home/eddie/Documents/GitHub/robomaster_cv/install/realsense2_camera_msgs:/opt/ros/humble LD_LIBRARY_PATH=/home/eddie/Documents/GitHub/robomaster_cv/install/realsense2_camera_msgs/lib:${LD_LIBRARY_PATH} PYTHONPATH=/home/eddie/Documents/GitHub/robomaster_cv/install/realsense2_camera_msgs/local/lib/python3.10/dist-packages:${PYTHONPATH} /usr/bin/cmake --build /home/eddie/Documents/GitHub/robomaster_cv/build/realsense2_description -- -j16 -l16
[0.544s] Invoked command in '/home/eddie/Documents/GitHub/robomaster_cv/build/realsense2_description' returned '0': AMENT_PREFIX_PATH=/home/eddie/Documents/GitHub/robomaster_cv/install/realsense2_camera_msgs:${AMENT_PREFIX_PATH} CMAKE_PREFIX_PATH=/home/eddie/Documents/GitHub/robomaster_cv/install/realsense2_camera_msgs:/opt/ros/humble LD_LIBRARY_PATH=/home/eddie/Documents/GitHub/robomaster_cv/install/realsense2_camera_msgs/lib:${LD_LIBRARY_PATH} PYTHONPATH=/home/eddie/Documents/GitHub/robomaster_cv/install/realsense2_camera_msgs/local/lib/python3.10/dist-packages:${PYTHONPATH} /usr/bin/cmake --build /home/eddie/Documents/GitHub/robomaster_cv/build/realsense2_description -- -j16 -l16
[0.563s] Invoking command in '/home/eddie/Documents/GitHub/robomaster_cv/build/realsense2_description': AMENT_PREFIX_PATH=/home/eddie/Documents/GitHub/robomaster_cv/install/realsense2_camera_msgs:${AMENT_PREFIX_PATH} CMAKE_PREFIX_PATH=/home/eddie/Documents/GitHub/robomaster_cv/install/realsense2_camera_msgs:/opt/ros/humble LD_LIBRARY_PATH=/home/eddie/Documents/GitHub/robomaster_cv/install/realsense2_camera_msgs/lib:${LD_LIBRARY_PATH} PYTHONPATH=/home/eddie/Documents/GitHub/robomaster_cv/install/realsense2_camera_msgs/local/lib/python3.10/dist-packages:${PYTHONPATH} /usr/bin/cmake --install /home/eddie/Documents/GitHub/robomaster_cv/build/realsense2_description
[0.568s] -- Install configuration: ""
[0.568s] -- Installing: /home/eddie/Documents/GitHub/robomaster_cv/install/realsense2_description/share/realsense2_description/launch
[0.568s] -- Installing: /home/eddie/Documents/GitHub/robomaster_cv/install/realsense2_description/share/realsense2_description/launch/view_model.launch.py
[0.568s] -- Installing: /home/eddie/Documents/GitHub/robomaster_cv/install/realsense2_description/share/realsense2_description/launch/launch_utils.py
[0.569s] -- Installing: /home/eddie/Documents/GitHub/robomaster_cv/install/realsense2_description/share/realsense2_description/meshes
[0.569s] -- Installing: /home/eddie/Documents/GitHub/robomaster_cv/install/realsense2_description/share/realsense2_description/meshes/l515.dae
[0.592s] -- Installing: /home/eddie/Documents/GitHub/robomaster_cv/install/realsense2_description/share/realsense2_description/meshes/d455.stl
[0.594s] -- Installing: /home/eddie/Documents/GitHub/robomaster_cv/install/realsense2_description/share/realsense2_description/meshes/plug.stl
[0.595s] -- Installing: /home/eddie/Documents/GitHub/robomaster_cv/install/realsense2_description/share/realsense2_description/meshes/plug_collision.stl
[0.595s] -- Installing: /home/eddie/Documents/GitHub/robomaster_cv/install/realsense2_description/share/realsense2_description/meshes/d415.stl
[0.612s] -- Installing: /home/eddie/Documents/GitHub/robomaster_cv/install/realsense2_description/share/realsense2_description/meshes/d435.dae
[0.624s] -- Installing: /home/eddie/Documents/GitHub/robomaster_cv/install/realsense2_description/share/realsense2_description/rviz
[0.625s] -- Installing: /home/eddie/Documents/GitHub/robomaster_cv/install/realsense2_description/share/realsense2_description/rviz/urdf.rviz
[0.625s] -- Installing: /home/eddie/Documents/GitHub/robomaster_cv/install/realsense2_description/share/realsense2_description/urdf
[0.625s] -- Installing: /home/eddie/Documents/GitHub/robomaster_cv/install/realsense2_description/share/realsense2_description/urdf/_r410.urdf.xacro
[0.625s] -- Installing: /home/eddie/Documents/GitHub/robomaster_cv/install/realsense2_description/share/realsense2_description/urdf/test_d415_camera.urdf.xacro
[0.625s] -- Installing: /home/eddie/Documents/GitHub/robomaster_cv/install/realsense2_description/share/realsense2_description/urdf/test_r410_camera.urdf.xacro
[0.626s] -- Installing: /home/eddie/Documents/GitHub/robomaster_cv/install/realsense2_description/share/realsense2_description/urdf/_materials.urdf.xacro
[0.626s] -- Installing: /home/eddie/Documents/GitHub/robomaster_cv/install/realsense2_description/share/realsense2_description/urdf/_l515.urdf.xacro
[0.626s] -- Installing: /home/eddie/Documents/GitHub/robomaster_cv/install/realsense2_description/share/realsense2_description/urdf/_d435i_imu_modules.urdf.xacro
[0.626s] -- Installing: /home/eddie/Documents/GitHub/robomaster_cv/install/realsense2_description/share/realsense2_description/urdf/test_d435_camera.urdf.xacro
[0.626s] -- Installing: /home/eddie/Documents/GitHub/robomaster_cv/install/realsense2_description/share/realsense2_description/urdf/test_d455_camera.urdf.xacro
[0.626s] -- Installing: /home/eddie/Documents/GitHub/robomaster_cv/install/realsense2_description/share/realsense2_description/urdf/_d455.urdf.xacro
[0.626s] -- Installing: /home/eddie/Documents/GitHub/robomaster_cv/install/realsense2_description/share/realsense2_description/urdf/_d435.urdf.xacro
[0.626s] -- Installing: /home/eddie/Documents/GitHub/robomaster_cv/install/realsense2_description/share/realsense2_description/urdf/test_d435_multiple_cameras.urdf.xacro
[0.626s] -- Installing: /home/eddie/Documents/GitHub/robomaster_cv/install/realsense2_description/share/realsense2_description/urdf/_r430.urdf.xacro
[0.626s] -- Installing: /home/eddie/Documents/GitHub/robomaster_cv/install/realsense2_description/share/realsense2_description/urdf/test_d435i_camera.urdf.xacro
[0.627s] -- Installing: /home/eddie/Documents/GitHub/robomaster_cv/install/realsense2_description/share/realsense2_description/urdf/test_r430_camera.urdf.xacro
[0.627s] -- Installing: /home/eddie/Documents/GitHub/robomaster_cv/install/realsense2_description/share/realsense2_description/urdf/_d415.urdf.xacro
[0.627s] -- Installing: /home/eddie/Documents/GitHub/robomaster_cv/install/realsense2_description/share/realsense2_description/urdf/test_l515_camera.urdf.xacro
[0.627s] -- Installing: /home/eddie/Documents/GitHub/robomaster_cv/install/realsense2_description/share/realsense2_description/urdf/_usb_plug.urdf.xacro
[0.627s] -- Installing: /home/eddie/Documents/GitHub/robomaster_cv/install/realsense2_description/share/realsense2_description/urdf/_d435i.urdf.xacro
[0.627s] -- Installing: /home/eddie/Documents/GitHub/robomaster_cv/install/realsense2_description/share/ament_index/resource_index/package_run_dependencies/realsense2_description
[0.627s] -- Installing: /home/eddie/Documents/GitHub/robomaster_cv/install/realsense2_description/share/ament_index/resource_index/parent_prefix_path/realsense2_description
[0.627s] -- Installing: /home/eddie/Documents/GitHub/robomaster_cv/install/realsense2_description/share/realsense2_description/environment/ament_prefix_path.sh
[0.627s] -- Installing: /home/eddie/Documents/GitHub/robomaster_cv/install/realsense2_description/share/realsense2_description/environment/ament_prefix_path.dsv
[0.627s] -- Installing: /home/eddie/Documents/GitHub/robomaster_cv/install/realsense2_description/share/realsense2_description/environment/path.sh
[0.627s] -- Installing: /home/eddie/Documents/GitHub/robomaster_cv/install/realsense2_description/share/realsense2_description/environment/path.dsv
[0.627s] -- Installing: /home/eddie/Documents/GitHub/robomaster_cv/install/realsense2_description/share/realsense2_description/local_setup.bash
[0.627s] -- Installing: /home/eddie/Documents/GitHub/robomaster_cv/install/realsense2_description/share/realsense2_description/local_setup.sh
[0.627s] -- Installing: /home/eddie/Documents/GitHub/robomaster_cv/install/realsense2_description/share/realsense2_description/local_setup.zsh
[0.627s] -- Installing: /home/eddie/Documents/GitHub/robomaster_cv/install/realsense2_description/share/realsense2_description/local_setup.dsv
[0.627s] -- Installing: /home/eddie/Documents/GitHub/robomaster_cv/install/realsense2_description/share/realsense2_description/package.dsv
[0.627s] -- Installing: /home/eddie/Documents/GitHub/robomaster_cv/install/realsense2_description/share/ament_index/resource_index/packages/realsense2_description
[0.627s] -- Installing: /home/eddie/Documents/GitHub/robomaster_cv/install/realsense2_description/share/realsense2_description/cmake/realsense2_descriptionConfig.cmake
[0.627s] -- Installing: /home/eddie/Documents/GitHub/robomaster_cv/install/realsense2_description/share/realsense2_description/cmake/realsense2_descriptionConfig-version.cmake
[0.627s] -- Installing: /home/eddie/Documents/GitHub/robomaster_cv/install/realsense2_description/share/realsense2_description/package.xml
[0.630s] Invoked command in '/home/eddie/Documents/GitHub/robomaster_cv/build/realsense2_description' returned '0': AMENT_PREFIX_PATH=/home/eddie/Documents/GitHub/robomaster_cv/install/realsense2_camera_msgs:${AMENT_PREFIX_PATH} CMAKE_PREFIX_PATH=/home/eddie/Documents/GitHub/robomaster_cv/install/realsense2_camera_msgs:/opt/ros/humble LD_LIBRARY_PATH=/home/eddie/Documents/GitHub/robomaster_cv/install/realsense2_camera_msgs/lib:${LD_LIBRARY_PATH} PYTHONPATH=/home/eddie/Documents/GitHub/robomaster_cv/install/realsense2_camera_msgs/local/lib/python3.10/dist-packages:${PYTHONPATH} /usr/bin/cmake --install /home/eddie/Documents/GitHub/robomaster_cv/build/realsense2_description
