[0.014s] Invoking command in '/home/eddie/Documents/GitHub/robomaster_cv/build/realsense2_camera': AMENT_PREFIX_PATH=/home/eddie/Documents/GitHub/robomaster_cv/install/realsense2_camera_msgs:${AMENT_PREFIX_PATH} CMAKE_PREFIX_PATH=/home/eddie/Documents/GitHub/robomaster_cv/install/realsense2_camera_msgs:/opt/ros/humble LD_LIBRARY_PATH=/home/eddie/Documents/GitHub/robomaster_cv/install/realsense2_camera_msgs/lib:${LD_LIBRARY_PATH} PYTHONPATH=/home/eddie/Documents/GitHub/robomaster_cv/install/realsense2_camera_msgs/local/lib/python3.10/dist-packages:${PYTHONPATH} /usr/bin/cmake /home/eddie/Documents/GitHub/robomaster_cv/src/realsense-ros/realsense2_camera -DCMAKE_INSTALL_PREFIX=/home/eddie/Documents/GitHub/robomaster_cv/install/realsense2_camera
[0.026s] -- Create Release Build.
[0.026s] -- Found ament_cmake: 1.3.5 (/opt/ros/humble/share/ament_cmake/cmake)
[0.167s] -- Found builtin_interfaces: 1.2.1 (/opt/ros/humble/share/builtin_interfaces/cmake)
[0.188s] -- Found rosidl_generator_c: 3.1.5 (/opt/ros/humble/share/rosidl_generator_c/cmake)
[0.190s] -- Found rosidl_adapter: 3.1.5 (/opt/ros/humble/share/rosidl_adapter/cmake)
[0.195s] -- Found rosidl_generator_cpp: 3.1.5 (/opt/ros/humble/share/rosidl_generator_cpp/cmake)
[0.206s] -- Using all available rosidl_typesupport_c: rosidl_typesupport_fastrtps_c;rosidl_typesupport_introspection_c
[0.220s] -- Using all available rosidl_typesupport_cpp: rosidl_typesupport_fastrtps_cpp;rosidl_typesupport_introspection_cpp
[0.233s] -- Found cv_bridge: 3.2.1 (/opt/ros/humble/share/cv_bridge/cmake)
[0.426s] -- Found image_transport: 3.1.7 (/opt/ros/humble/share/image_transport/cmake)
[0.474s] -- Found rmw_implementation_cmake: 6.1.1 (/opt/ros/humble/share/rmw_implementation_cmake/cmake)
[0.475s] -- Found rmw_fastrtps_cpp: 6.2.3 (/opt/ros/humble/share/rmw_fastrtps_cpp/cmake)
[0.583s] -- Using RMW implementation 'rmw_fastrtps_cpp' as default
[0.757s] -- Found rclcpp_components: 16.0.5 (/opt/ros/humble/share/rclcpp_components/cmake)
[0.805s] -- Found realsense2_camera_msgs: 4.54.1 (/home/eddie/Documents/GitHub/robomaster_cv/install/realsense2_camera_msgs/share/realsense2_camera_msgs/cmake)
[0.891s] -- Found nav_msgs: 4.2.3 (/opt/ros/humble/share/nav_msgs/cmake)
[0.965s] -- Found tf2_ros: 0.25.3 (/opt/ros/humble/share/tf2_ros/cmake)
[1.189s] -- Found diagnostic_updater: 3.1.2 (/opt/ros/humble/share/diagnostic_updater/cmake)
[1.254s] [33mCMake Warning at CMakeLists.txt:119 (find_package):
[1.255s]   By not providing "Findrealsense2.cmake" in CMAKE_MODULE_PATH this project
[1.255s]   has asked CMake to find a package configuration file provided by
[1.255s]   "realsense2", but CMake did not find one.
[1.255s] 
[1.255s]   Could not find a package configuration file provided by "realsense2"
[1.255s]   (requested version 2.54.1) with any of the following names:
[1.255s] 
[1.255s]     realsense2Config.cmake
[1.255s]     realsense2-config.cmake
[1.255s] 
[1.255s]   Add the installation prefix of "realsense2" to CMAKE_PREFIX_PATH or set
[1.256s]   "realsense2_DIR" to a directory containing one of the above files.  If
[1.256s]   "realsense2" provides a separate development package or SDK, be sure it has
[1.256s]   been installed.
[1.256s] 
[1.256s] [0m
[1.256s] [31mCMake Error at CMakeLists.txt:121 (message):
[1.256s]   
[1.256s] 
[1.256s]   
[1.256s] 
[1.256s]    Intel RealSense SDK 2.0 is missing, please install it from https://github.com/IntelRealSense/librealsense/releases
[1.257s] 
[1.257s]   
[1.257s] 
[1.257s] 
[1.257s] [0m
[1.257s] -- Configuring incomplete, errors occurred!
[1.257s] See also "/home/eddie/Documents/GitHub/robomaster_cv/build/realsense2_camera/CMakeFiles/CMakeOutput.log".
[1.263s] Invoked command in '/home/eddie/Documents/GitHub/robomaster_cv/build/realsense2_camera' returned '1': AMENT_PREFIX_PATH=/home/eddie/Documents/GitHub/robomaster_cv/install/realsense2_camera_msgs:${AMENT_PREFIX_PATH} CMAKE_PREFIX_PATH=/home/eddie/Documents/GitHub/robomaster_cv/install/realsense2_camera_msgs:/opt/ros/humble LD_LIBRARY_PATH=/home/eddie/Documents/GitHub/robomaster_cv/install/realsense2_camera_msgs/lib:${LD_LIBRARY_PATH} PYTHONPATH=/home/eddie/Documents/GitHub/robomaster_cv/install/realsense2_camera_msgs/local/lib/python3.10/dist-packages:${PYTHONPATH} /usr/bin/cmake /home/eddie/Documents/GitHub/robomaster_cv/src/realsense-ros/realsense2_camera -DCMAKE_INSTALL_PREFIX=/home/eddie/Documents/GitHub/robomaster_cv/install/realsense2_camera
