[0.010s] Invoking command in '/home/eddie/Documents/GitHub/robomaster_cv/build/realsense2_camera': AMENT_PREFIX_PATH=/home/eddie/Documents/GitHub/robomaster_cv/install/realsense2_camera_msgs:${AMENT_PREFIX_PATH} CMAKE_PREFIX_PATH=/home/eddie/Documents/GitHub/robomaster_cv/install/realsense2_camera_msgs:/opt/ros/humble LD_LIBRARY_PATH=/home/eddie/Documents/GitHub/robomaster_cv/install/realsense2_camera_msgs/lib:${LD_LIBRARY_PATH} PYTHONPATH=/home/eddie/Documents/GitHub/robomaster_cv/install/realsense2_camera_msgs/local/lib/python3.10/dist-packages:${PYTHONPATH} /usr/bin/cmake /home/eddie/Documents/GitHub/robomaster_cv/src/realsense-ros/realsense2_camera -DCMAKE_INSTALL_PREFIX=/home/eddie/Documents/GitHub/robomaster_cv/install/realsense2_camera
[0.020s] -- Create Release Build.
[0.021s] -- Found ament_cmake: 1.3.5 (/opt/ros/humble/share/ament_cmake/cmake)
[0.148s] -- Found builtin_interfaces: 1.2.1 (/opt/ros/humble/share/builtin_interfaces/cmake)
[0.172s] -- Found rosidl_generator_c: 3.1.5 (/opt/ros/humble/share/rosidl_generator_c/cmake)
[0.175s] -- Found rosidl_adapter: 3.1.5 (/opt/ros/humble/share/rosidl_adapter/cmake)
[0.183s] -- Found rosidl_generator_cpp: 3.1.5 (/opt/ros/humble/share/rosidl_generator_cpp/cmake)
[0.194s] -- Using all available rosidl_typesupport_c: rosidl_typesupport_fastrtps_c;rosidl_typesupport_introspection_c
[0.209s] -- Using all available rosidl_typesupport_cpp: rosidl_typesupport_fastrtps_cpp;rosidl_typesupport_introspection_cpp
[0.222s] -- Found cv_bridge: 3.2.1 (/opt/ros/humble/share/cv_bridge/cmake)
[0.411s] -- Found image_transport: 3.1.7 (/opt/ros/humble/share/image_transport/cmake)
[0.465s] -- Found rmw_implementation_cmake: 6.1.1 (/opt/ros/humble/share/rmw_implementation_cmake/cmake)
[0.467s] -- Found rmw_fastrtps_cpp: 6.2.3 (/opt/ros/humble/share/rmw_fastrtps_cpp/cmake)
[0.575s] -- Using RMW implementation 'rmw_fastrtps_cpp' as default
[0.733s] -- Found rclcpp_components: 16.0.5 (/opt/ros/humble/share/rclcpp_components/cmake)
[0.785s] -- Found realsense2_camera_msgs: 4.54.1 (/home/eddie/Documents/GitHub/robomaster_cv/install/realsense2_camera_msgs/share/realsense2_camera_msgs/cmake)
[0.869s] -- Found nav_msgs: 4.2.3 (/opt/ros/humble/share/nav_msgs/cmake)
[0.941s] -- Found tf2_ros: 0.25.3 (/opt/ros/humble/share/tf2_ros/cmake)
[1.172s] -- Found diagnostic_updater: 3.1.2 (/opt/ros/humble/share/diagnostic_updater/cmake)
[1.238s] [33mCMake Warning at CMakeLists.txt:119 (find_package):
[1.238s]   By not providing "Findrealsense2.cmake" in CMAKE_MODULE_PATH this project
[1.238s]   has asked CMake to find a package configuration file provided by
[1.238s]   "realsense2", but CMake did not find one.
[1.238s] 
[1.238s]   Could not find a package configuration file provided by "realsense2"
[1.238s]   (requested version 2.54.1) with any of the following names:
[1.238s] 
[1.238s]     realsense2Config.cmake
[1.238s]     realsense2-config.cmake
[1.239s] 
[1.239s]   Add the installation prefix of "realsense2" to CMAKE_PREFIX_PATH or set
[1.239s]   "realsense2_DIR" to a directory containing one of the above files.  If
[1.239s]   "realsense2" provides a separate development package or SDK, be sure it has
[1.239s]   been installed.
[1.239s] 
[1.239s] [0m
[1.239s] [31mCMake Error at CMakeLists.txt:121 (message):
[1.239s]   
[1.239s] 
[1.240s]   
[1.240s] 
[1.240s]    Intel RealSense SDK 2.0 is missing, please install it from https://github.com/IntelRealSense/librealsense/releases
[1.240s] 
[1.240s]   
[1.240s] 
[1.240s] 
[1.240s] [0m
[1.240s] -- Configuring incomplete, errors occurred!
[1.240s] See also "/home/eddie/Documents/GitHub/robomaster_cv/build/realsense2_camera/CMakeFiles/CMakeOutput.log".
[1.245s] Invoked command in '/home/eddie/Documents/GitHub/robomaster_cv/build/realsense2_camera' returned '1': AMENT_PREFIX_PATH=/home/eddie/Documents/GitHub/robomaster_cv/install/realsense2_camera_msgs:${AMENT_PREFIX_PATH} CMAKE_PREFIX_PATH=/home/eddie/Documents/GitHub/robomaster_cv/install/realsense2_camera_msgs:/opt/ros/humble LD_LIBRARY_PATH=/home/eddie/Documents/GitHub/robomaster_cv/install/realsense2_camera_msgs/lib:${LD_LIBRARY_PATH} PYTHONPATH=/home/eddie/Documents/GitHub/robomaster_cv/install/realsense2_camera_msgs/local/lib/python3.10/dist-packages:${PYTHONPATH} /usr/bin/cmake /home/eddie/Documents/GitHub/robomaster_cv/src/realsense-ros/realsense2_camera -DCMAKE_INSTALL_PREFIX=/home/eddie/Documents/GitHub/robomaster_cv/install/realsense2_camera
