[0.013s] Invoking command in '/home/eddie/Documents/GitHub/robomaster_cv/build/realsense2_description': AMENT_PREFIX_PATH=/home/eddie/Documents/GitHub/robomaster_cv/install/realsense2_camera_msgs:${AMENT_PREFIX_PATH} CMAKE_PREFIX_PATH=/home/eddie/Documents/GitHub/robomaster_cv/install/realsense2_camera_msgs:/opt/ros/humble LD_LIBRARY_PATH=/home/eddie/Documents/GitHub/robomaster_cv/install/realsense2_camera_msgs/lib:${LD_LIBRARY_PATH} PYTHONPATH=/home/eddie/Documents/GitHub/robomaster_cv/install/realsense2_camera_msgs/local/lib/python3.10/dist-packages:${PYTHONPATH} /usr/bin/cmake --build /home/eddie/Documents/GitHub/robomaster_cv/build/realsense2_description -- -j16 -l16
[0.052s] Invoked command in '/home/eddie/Documents/GitHub/robomaster_cv/build/realsense2_description' returned '0': AMENT_PREFIX_PATH=/home/eddie/Documents/GitHub/robomaster_cv/install/realsense2_camera_msgs:${AMENT_PREFIX_PATH} CMAKE_PREFIX_PATH=/home/eddie/Documents/GitHub/robomaster_cv/install/realsense2_camera_msgs:/opt/ros/humble LD_LIBRARY_PATH=/home/eddie/Documents/GitHub/robomaster_cv/install/realsense2_camera_msgs/lib:${LD_LIBRARY_PATH} PYTHONPATH=/home/eddie/Documents/GitHub/robomaster_cv/install/realsense2_camera_msgs/local/lib/python3.10/dist-packages:${PYTHONPATH} /usr/bin/cmake --build /home/eddie/Documents/GitHub/robomaster_cv/build/realsense2_description -- -j16 -l16
[0.075s] Invoking command in '/home/eddie/Documents/GitHub/robomaster_cv/build/realsense2_description': AMENT_PREFIX_PATH=/home/eddie/Documents/GitHub/robomaster_cv/install/realsense2_camera_msgs:${AMENT_PREFIX_PATH} CMAKE_PREFIX_PATH=/home/eddie/Documents/GitHub/robomaster_cv/install/realsense2_camera_msgs:/opt/ros/humble LD_LIBRARY_PATH=/home/eddie/Documents/GitHub/robomaster_cv/install/realsense2_camera_msgs/lib:${LD_LIBRARY_PATH} PYTHONPATH=/home/eddie/Documents/GitHub/robomaster_cv/install/realsense2_camera_msgs/local/lib/python3.10/dist-packages:${PYTHONPATH} /usr/bin/cmake --install /home/eddie/Documents/GitHub/robomaster_cv/build/realsense2_description
[0.081s] -- Install configuration: ""
[0.081s] -- Up-to-date: /home/eddie/Documents/GitHub/robomaster_cv/install/realsense2_description/share/realsense2_description/launch
[0.081s] -- Up-to-date: /home/eddie/Documents/GitHub/robomaster_cv/install/realsense2_description/share/realsense2_description/launch/view_model.launch.py
[0.081s] -- Up-to-date: /home/eddie/Documents/GitHub/robomaster_cv/install/realsense2_description/share/realsense2_description/launch/launch_utils.py
[0.082s] -- Up-to-date: /home/eddie/Documents/GitHub/robomaster_cv/install/realsense2_description/share/realsense2_description/meshes
[0.082s] -- Up-to-date: /home/eddie/Documents/GitHub/robomaster_cv/install/realsense2_description/share/realsense2_description/meshes/l515.dae
[0.082s] -- Up-to-date: /home/eddie/Documents/GitHub/robomaster_cv/install/realsense2_description/share/realsense2_description/meshes/d455.stl
[0.082s] -- Up-to-date: /home/eddie/Documents/GitHub/robomaster_cv/install/realsense2_description/share/realsense2_description/meshes/plug.stl
[0.082s] -- Up-to-date: /home/eddie/Documents/GitHub/robomaster_cv/install/realsense2_description/share/realsense2_description/meshes/plug_collision.stl
[0.082s] -- Up-to-date: /home/eddie/Documents/GitHub/robomaster_cv/install/realsense2_description/share/realsense2_description/meshes/d415.stl
[0.082s] -- Up-to-date: /home/eddie/Documents/GitHub/robomaster_cv/install/realsense2_description/share/realsense2_description/meshes/d435.dae
[0.082s] -- Up-to-date: /home/eddie/Documents/GitHub/robomaster_cv/install/realsense2_description/share/realsense2_description/rviz
[0.082s] -- Up-to-date: /home/eddie/Documents/GitHub/robomaster_cv/install/realsense2_description/share/realsense2_description/rviz/urdf.rviz
[0.082s] -- Up-to-date: /home/eddie/Documents/GitHub/robomaster_cv/install/realsense2_description/share/realsense2_description/urdf
[0.082s] -- Up-to-date: /home/eddie/Documents/GitHub/robomaster_cv/install/realsense2_description/share/realsense2_description/urdf/_r410.urdf.xacro
[0.083s] -- Up-to-date: /home/eddie/Documents/GitHub/robomaster_cv/install/realsense2_description/share/realsense2_description/urdf/test_d415_camera.urdf.xacro
[0.083s] -- Up-to-date: /home/eddie/Documents/GitHub/robomaster_cv/install/realsense2_description/share/realsense2_description/urdf/test_r410_camera.urdf.xacro
[0.083s] -- Up-to-date: /home/eddie/Documents/GitHub/robomaster_cv/install/realsense2_description/share/realsense2_description/urdf/_materials.urdf.xacro
[0.083s] -- Up-to-date: /home/eddie/Documents/GitHub/robomaster_cv/install/realsense2_description/share/realsense2_description/urdf/_l515.urdf.xacro
[0.083s] -- Up-to-date: /home/eddie/Documents/GitHub/robomaster_cv/install/realsense2_description/share/realsense2_description/urdf/_d435i_imu_modules.urdf.xacro
[0.083s] -- Up-to-date: /home/eddie/Documents/GitHub/robomaster_cv/install/realsense2_description/share/realsense2_description/urdf/test_d435_camera.urdf.xacro
[0.086s] -- Up-to-date: /home/eddie/Documents/GitHub/robomaster_cv/install/realsense2_description/share/realsense2_description/urdf/test_d455_camera.urdf.xacro
[0.087s] -- Up-to-date: /home/eddie/Documents/GitHub/robomaster_cv/install/realsense2_description/share/realsense2_description/urdf/_d455.urdf.xacro
[0.087s] -- Up-to-date: /home/eddie/Documents/GitHub/robomaster_cv/install/realsense2_description/share/realsense2_description/urdf/_d435.urdf.xacro
[0.087s] -- Up-to-date: /home/eddie/Documents/GitHub/robomaster_cv/install/realsense2_description/share/realsense2_description/urdf/test_d435_multiple_cameras.urdf.xacro
[0.087s] -- Up-to-date: /home/eddie/Documents/GitHub/robomaster_cv/install/realsense2_description/share/realsense2_description/urdf/_r430.urdf.xacro
[0.087s] -- Up-to-date: /home/eddie/Documents/GitHub/robomaster_cv/install/realsense2_description/share/realsense2_description/urdf/test_d435i_camera.urdf.xacro
[0.088s] -- Up-to-date: /home/eddie/Documents/GitHub/robomaster_cv/install/realsense2_description/share/realsense2_description/urdf/test_r430_camera.urdf.xacro
[0.088s] -- Up-to-date: /home/eddie/Documents/GitHub/robomaster_cv/install/realsense2_description/share/realsense2_description/urdf/_d415.urdf.xacro
[0.088s] -- Up-to-date: /home/eddie/Documents/GitHub/robomaster_cv/install/realsense2_description/share/realsense2_description/urdf/test_l515_camera.urdf.xacro
[0.088s] -- Up-to-date: /home/eddie/Documents/GitHub/robomaster_cv/install/realsense2_description/share/realsense2_description/urdf/_usb_plug.urdf.xacro
[0.088s] -- Up-to-date: /home/eddie/Documents/GitHub/robomaster_cv/install/realsense2_description/share/realsense2_description/urdf/_d435i.urdf.xacro
[0.088s] -- Up-to-date: /home/eddie/Documents/GitHub/robomaster_cv/install/realsense2_description/share/ament_index/resource_index/package_run_dependencies/realsense2_description
[0.088s] -- Up-to-date: /home/eddie/Documents/GitHub/robomaster_cv/install/realsense2_description/share/ament_index/resource_index/parent_prefix_path/realsense2_description
[0.088s] -- Up-to-date: /home/eddie/Documents/GitHub/robomaster_cv/install/realsense2_description/share/realsense2_description/environment/ament_prefix_path.sh
[0.089s] -- Up-to-date: /home/eddie/Documents/GitHub/robomaster_cv/install/realsense2_description/share/realsense2_description/environment/ament_prefix_path.dsv
[0.089s] -- Up-to-date: /home/eddie/Documents/GitHub/robomaster_cv/install/realsense2_description/share/realsense2_description/environment/path.sh
[0.089s] -- Up-to-date: /home/eddie/Documents/GitHub/robomaster_cv/install/realsense2_description/share/realsense2_description/environment/path.dsv
[0.089s] -- Up-to-date: /home/eddie/Documents/GitHub/robomaster_cv/install/realsense2_description/share/realsense2_description/local_setup.bash
[0.091s] -- Up-to-date: /home/eddie/Documents/GitHub/robomaster_cv/install/realsense2_description/share/realsense2_description/local_setup.sh
[0.091s] -- Up-to-date: /home/eddie/Documents/GitHub/robomaster_cv/install/realsense2_description/share/realsense2_description/local_setup.zsh
[0.092s] -- Up-to-date: /home/eddie/Documents/GitHub/robomaster_cv/install/realsense2_description/share/realsense2_description/local_setup.dsv
[0.092s] -- Up-to-date: /home/eddie/Documents/GitHub/robomaster_cv/install/realsense2_description/share/realsense2_description/package.dsv
[0.092s] -- Up-to-date: /home/eddie/Documents/GitHub/robomaster_cv/install/realsense2_description/share/ament_index/resource_index/packages/realsense2_description
[0.092s] -- Up-to-date: /home/eddie/Documents/GitHub/robomaster_cv/install/realsense2_description/share/realsense2_description/cmake/realsense2_descriptionConfig.cmake
[0.093s] -- Up-to-date: /home/eddie/Documents/GitHub/robomaster_cv/install/realsense2_description/share/realsense2_description/cmake/realsense2_descriptionConfig-version.cmake
[0.093s] -- Up-to-date: /home/eddie/Documents/GitHub/robomaster_cv/install/realsense2_description/share/realsense2_description/package.xml
[0.093s] Invoked command in '/home/eddie/Documents/GitHub/robomaster_cv/build/realsense2_description' returned '0': AMENT_PREFIX_PATH=/home/eddie/Documents/GitHub/robomaster_cv/install/realsense2_camera_msgs:${AMENT_PREFIX_PATH} CMAKE_PREFIX_PATH=/home/eddie/Documents/GitHub/robomaster_cv/install/realsense2_camera_msgs:/opt/ros/humble LD_LIBRARY_PATH=/home/eddie/Documents/GitHub/robomaster_cv/install/realsense2_camera_msgs/lib:${LD_LIBRARY_PATH} PYTHONPATH=/home/eddie/Documents/GitHub/robomaster_cv/install/realsense2_camera_msgs/local/lib/python3.10/dist-packages:${PYTHONPATH} /usr/bin/cmake --install /home/eddie/Documents/GitHub/robomaster_cv/build/realsense2_description
