[0.214s] DEBUG:colcon:Command line arguments: ['/usr/bin/colcon', 'build']
[0.214s] DEBUG:colcon:Parsed command line arguments: Namespace(log_base=None, log_level=None, verb_name='build', build_base='build', install_base='install', merge_install=False, symlink_install=False, test_result_base=None, continue_on_error=False, executor='parallel', parallel_workers=16, event_handlers=None, ignore_user_meta=False, metas=['./colcon.meta'], base_paths=['.'], packages_ignore=None, packages_ignore_regex=None, paths=None, packages_up_to=None, packages_up_to_regex=None, packages_above=None, packages_above_and_dependencies=None, packages_above_depth=None, packages_select_by_dep=None, packages_skip_by_dep=None, packages_skip_up_to=None, packages_select_build_failed=False, packages_skip_build_finished=False, packages_select_test_failures=False, packages_skip_test_passed=False, packages_select=None, packages_skip=None, packages_select_regex=None, packages_skip_regex=None, packages_start=None, packages_end=None, allow_overriding=[], cmake_args=None, cmake_target=None, cmake_target_skip_unavailable=False, cmake_clean_cache=False, cmake_clean_first=False, cmake_force_configure=False, ament_cmake_args=None, catkin_cmake_args=None, catkin_skip_building_tests=False, verb_parser=<colcon_defaults.argument_parser.defaults.DefaultArgumentsDecorator object at 0x7f3d83898a90>, verb_extension=<colcon_core.verb.build.BuildVerb object at 0x7f3d84089e40>, main=<bound method BuildVerb.main of <colcon_core.verb.build.BuildVerb object at 0x7f3d84089e40>>)
[0.241s] Level 1:colcon.colcon_core.package_discovery:discover_packages(colcon_meta) check parameters
[0.241s] Level 1:colcon.colcon_core.package_discovery:discover_packages(recursive) check parameters
[0.241s] Level 1:colcon.colcon_core.package_discovery:discover_packages(ignore) check parameters
[0.241s] Level 1:colcon.colcon_core.package_discovery:discover_packages(path) check parameters
[0.241s] Level 1:colcon.colcon_core.package_discovery:discover_packages(colcon_meta) discover
[0.241s] Level 1:colcon.colcon_core.package_discovery:discover_packages(recursive) discover
[0.241s] INFO:colcon.colcon_core.package_discovery:Crawling recursively for packages in '/home/eddie/Documents/GitHub/robomaster_cv'
[0.241s] Level 1:colcon.colcon_core.package_identification:_identify(.) by extensions ['ignore', 'ignore_ament_install']
[0.241s] Level 1:colcon.colcon_core.package_identification:_identify(.) by extension 'ignore'
[0.241s] Level 1:colcon.colcon_core.package_identification:_identify(.) by extension 'ignore_ament_install'
[0.241s] Level 1:colcon.colcon_core.package_identification:_identify(.) by extensions ['colcon_pkg']
[0.242s] Level 1:colcon.colcon_core.package_identification:_identify(.) by extension 'colcon_pkg'
[0.242s] Level 1:colcon.colcon_core.package_identification:_identify(.) by extensions ['colcon_meta']
[0.242s] Level 1:colcon.colcon_core.package_identification:_identify(.) by extension 'colcon_meta'
[0.242s] Level 1:colcon.colcon_core.package_identification:_identify(.) by extensions ['ros']
[0.242s] Level 1:colcon.colcon_core.package_identification:_identify(.) by extension 'ros'
[0.250s] Level 1:colcon.colcon_core.package_identification:_identify(.) by extensions ['cmake', 'python']
[0.250s] Level 1:colcon.colcon_core.package_identification:_identify(.) by extension 'cmake'
[0.250s] Level 1:colcon.colcon_core.package_identification:_identify(.) by extension 'python'
[0.250s] Level 1:colcon.colcon_core.package_identification:_identify(.) by extensions ['python_setup_py']
[0.250s] Level 1:colcon.colcon_core.package_identification:_identify(.) by extension 'python_setup_py'
[0.251s] Level 1:colcon.colcon_core.package_identification:_identify(build) by extensions ['ignore', 'ignore_ament_install']
[0.251s] Level 1:colcon.colcon_core.package_identification:_identify(build) by extension 'ignore'
[0.251s] Level 1:colcon.colcon_core.package_identification:_identify(build) ignored
[0.251s] Level 1:colcon.colcon_core.package_identification:_identify(install) by extensions ['ignore', 'ignore_ament_install']
[0.251s] Level 1:colcon.colcon_core.package_identification:_identify(install) by extension 'ignore'
[0.251s] Level 1:colcon.colcon_core.package_identification:_identify(install) ignored
[0.251s] Level 1:colcon.colcon_core.package_identification:_identify(log) by extensions ['ignore', 'ignore_ament_install']
[0.251s] Level 1:colcon.colcon_core.package_identification:_identify(log) by extension 'ignore'
[0.251s] Level 1:colcon.colcon_core.package_identification:_identify(log) ignored
[0.251s] Level 1:colcon.colcon_core.package_identification:_identify(src) by extensions ['ignore', 'ignore_ament_install']
[0.251s] Level 1:colcon.colcon_core.package_identification:_identify(src) by extension 'ignore'
[0.251s] Level 1:colcon.colcon_core.package_identification:_identify(src) by extension 'ignore_ament_install'
[0.251s] Level 1:colcon.colcon_core.package_identification:_identify(src) by extensions ['colcon_pkg']
[0.251s] Level 1:colcon.colcon_core.package_identification:_identify(src) by extension 'colcon_pkg'
[0.251s] Level 1:colcon.colcon_core.package_identification:_identify(src) by extensions ['colcon_meta']
[0.251s] Level 1:colcon.colcon_core.package_identification:_identify(src) by extension 'colcon_meta'
[0.251s] Level 1:colcon.colcon_core.package_identification:_identify(src) by extensions ['ros']
[0.251s] Level 1:colcon.colcon_core.package_identification:_identify(src) by extension 'ros'
[0.251s] Level 1:colcon.colcon_core.package_identification:_identify(src) by extensions ['cmake', 'python']
[0.251s] Level 1:colcon.colcon_core.package_identification:_identify(src) by extension 'cmake'
[0.251s] Level 1:colcon.colcon_core.package_identification:_identify(src) by extension 'python'
[0.251s] Level 1:colcon.colcon_core.package_identification:_identify(src) by extensions ['python_setup_py']
[0.251s] Level 1:colcon.colcon_core.package_identification:_identify(src) by extension 'python_setup_py'
[0.252s] Level 1:colcon.colcon_core.package_identification:_identify(src/realsense-ros) by extensions ['ignore', 'ignore_ament_install']
[0.252s] Level 1:colcon.colcon_core.package_identification:_identify(src/realsense-ros) by extension 'ignore'
[0.252s] Level 1:colcon.colcon_core.package_identification:_identify(src/realsense-ros) by extension 'ignore_ament_install'
[0.252s] Level 1:colcon.colcon_core.package_identification:_identify(src/realsense-ros) by extensions ['colcon_pkg']
[0.252s] Level 1:colcon.colcon_core.package_identification:_identify(src/realsense-ros) by extension 'colcon_pkg'
[0.252s] Level 1:colcon.colcon_core.package_identification:_identify(src/realsense-ros) by extensions ['colcon_meta']
[0.252s] Level 1:colcon.colcon_core.package_identification:_identify(src/realsense-ros) by extension 'colcon_meta'
[0.252s] Level 1:colcon.colcon_core.package_identification:_identify(src/realsense-ros) by extensions ['ros']
[0.252s] Level 1:colcon.colcon_core.package_identification:_identify(src/realsense-ros) by extension 'ros'
[0.252s] Level 1:colcon.colcon_core.package_identification:_identify(src/realsense-ros) by extensions ['cmake', 'python']
[0.252s] Level 1:colcon.colcon_core.package_identification:_identify(src/realsense-ros) by extension 'cmake'
[0.252s] Level 1:colcon.colcon_core.package_identification:_identify(src/realsense-ros) by extension 'python'
[0.252s] Level 1:colcon.colcon_core.package_identification:_identify(src/realsense-ros) by extensions ['python_setup_py']
[0.252s] Level 1:colcon.colcon_core.package_identification:_identify(src/realsense-ros) by extension 'python_setup_py'
[0.252s] Level 1:colcon.colcon_core.package_identification:_identify(src/realsense-ros/realsense2_camera) by extensions ['ignore', 'ignore_ament_install']
[0.252s] Level 1:colcon.colcon_core.package_identification:_identify(src/realsense-ros/realsense2_camera) by extension 'ignore'
[0.252s] Level 1:colcon.colcon_core.package_identification:_identify(src/realsense-ros/realsense2_camera) by extension 'ignore_ament_install'
[0.252s] Level 1:colcon.colcon_core.package_identification:_identify(src/realsense-ros/realsense2_camera) by extensions ['colcon_pkg']
[0.252s] Level 1:colcon.colcon_core.package_identification:_identify(src/realsense-ros/realsense2_camera) by extension 'colcon_pkg'
[0.252s] Level 1:colcon.colcon_core.package_identification:_identify(src/realsense-ros/realsense2_camera) by extensions ['colcon_meta']
[0.252s] Level 1:colcon.colcon_core.package_identification:_identify(src/realsense-ros/realsense2_camera) by extension 'colcon_meta'
[0.252s] Level 1:colcon.colcon_core.package_identification:_identify(src/realsense-ros/realsense2_camera) by extensions ['ros']
[0.252s] Level 1:colcon.colcon_core.package_identification:_identify(src/realsense-ros/realsense2_camera) by extension 'ros'
[0.255s] DEBUG:colcon.colcon_core.package_identification:Package 'src/realsense-ros/realsense2_camera' with type 'ros.ament_cmake' and name 'realsense2_camera'
[0.255s] Level 1:colcon.colcon_core.package_identification:_identify(src/realsense-ros/realsense2_camera_msgs) by extensions ['ignore', 'ignore_ament_install']
[0.255s] Level 1:colcon.colcon_core.package_identification:_identify(src/realsense-ros/realsense2_camera_msgs) by extension 'ignore'
[0.255s] Level 1:colcon.colcon_core.package_identification:_identify(src/realsense-ros/realsense2_camera_msgs) by extension 'ignore_ament_install'
[0.255s] Level 1:colcon.colcon_core.package_identification:_identify(src/realsense-ros/realsense2_camera_msgs) by extensions ['colcon_pkg']
[0.255s] Level 1:colcon.colcon_core.package_identification:_identify(src/realsense-ros/realsense2_camera_msgs) by extension 'colcon_pkg'
[0.255s] Level 1:colcon.colcon_core.package_identification:_identify(src/realsense-ros/realsense2_camera_msgs) by extensions ['colcon_meta']
[0.255s] Level 1:colcon.colcon_core.package_identification:_identify(src/realsense-ros/realsense2_camera_msgs) by extension 'colcon_meta'
[0.255s] Level 1:colcon.colcon_core.package_identification:_identify(src/realsense-ros/realsense2_camera_msgs) by extensions ['ros']
[0.255s] Level 1:colcon.colcon_core.package_identification:_identify(src/realsense-ros/realsense2_camera_msgs) by extension 'ros'
[0.256s] DEBUG:colcon.colcon_core.package_identification:Package 'src/realsense-ros/realsense2_camera_msgs' with type 'ros.ament_cmake' and name 'realsense2_camera_msgs'
[0.256s] Level 1:colcon.colcon_core.package_identification:_identify(src/realsense-ros/realsense2_description) by extensions ['ignore', 'ignore_ament_install']
[0.256s] Level 1:colcon.colcon_core.package_identification:_identify(src/realsense-ros/realsense2_description) by extension 'ignore'
[0.256s] Level 1:colcon.colcon_core.package_identification:_identify(src/realsense-ros/realsense2_description) by extension 'ignore_ament_install'
[0.256s] Level 1:colcon.colcon_core.package_identification:_identify(src/realsense-ros/realsense2_description) by extensions ['colcon_pkg']
[0.256s] Level 1:colcon.colcon_core.package_identification:_identify(src/realsense-ros/realsense2_description) by extension 'colcon_pkg'
[0.256s] Level 1:colcon.colcon_core.package_identification:_identify(src/realsense-ros/realsense2_description) by extensions ['colcon_meta']
[0.256s] Level 1:colcon.colcon_core.package_identification:_identify(src/realsense-ros/realsense2_description) by extension 'colcon_meta'
[0.256s] Level 1:colcon.colcon_core.package_identification:_identify(src/realsense-ros/realsense2_description) by extensions ['ros']
[0.256s] Level 1:colcon.colcon_core.package_identification:_identify(src/realsense-ros/realsense2_description) by extension 'ros'
[0.257s] DEBUG:colcon.colcon_core.package_identification:Package 'src/realsense-ros/realsense2_description' with type 'ros.ament_cmake' and name 'realsense2_description'
[0.257s] Level 1:colcon.colcon_core.package_identification:_identify(src/realsense-ros/scripts) by extensions ['ignore', 'ignore_ament_install']
[0.257s] Level 1:colcon.colcon_core.package_identification:_identify(src/realsense-ros/scripts) by extension 'ignore'
[0.257s] Level 1:colcon.colcon_core.package_identification:_identify(src/realsense-ros/scripts) by extension 'ignore_ament_install'
[0.257s] Level 1:colcon.colcon_core.package_identification:_identify(src/realsense-ros/scripts) by extensions ['colcon_pkg']
[0.257s] Level 1:colcon.colcon_core.package_identification:_identify(src/realsense-ros/scripts) by extension 'colcon_pkg'
[0.257s] Level 1:colcon.colcon_core.package_identification:_identify(src/realsense-ros/scripts) by extensions ['colcon_meta']
[0.257s] Level 1:colcon.colcon_core.package_identification:_identify(src/realsense-ros/scripts) by extension 'colcon_meta'
[0.257s] Level 1:colcon.colcon_core.package_identification:_identify(src/realsense-ros/scripts) by extensions ['ros']
[0.257s] Level 1:colcon.colcon_core.package_identification:_identify(src/realsense-ros/scripts) by extension 'ros'
[0.257s] Level 1:colcon.colcon_core.package_identification:_identify(src/realsense-ros/scripts) by extensions ['cmake', 'python']
[0.257s] Level 1:colcon.colcon_core.package_identification:_identify(src/realsense-ros/scripts) by extension 'cmake'
[0.257s] Level 1:colcon.colcon_core.package_identification:_identify(src/realsense-ros/scripts) by extension 'python'
[0.257s] Level 1:colcon.colcon_core.package_identification:_identify(src/realsense-ros/scripts) by extensions ['python_setup_py']
[0.257s] Level 1:colcon.colcon_core.package_identification:_identify(src/realsense-ros/scripts) by extension 'python_setup_py'
[0.257s] Level 1:colcon.colcon_core.package_discovery:discover_packages(recursive) using defaults
[0.257s] Level 1:colcon.colcon_core.package_discovery:discover_packages(ignore) discover
[0.257s] Level 1:colcon.colcon_core.package_discovery:discover_packages(ignore) using defaults
[0.257s] Level 1:colcon.colcon_core.package_discovery:discover_packages(path) discover
[0.257s] Level 1:colcon.colcon_core.package_discovery:discover_packages(path) using defaults
[0.275s] Level 1:colcon.colcon_core.package_discovery:discover_packages(prefix_path) check parameters
[0.275s] Level 1:colcon.colcon_core.package_discovery:discover_packages(prefix_path) discover
[0.277s] DEBUG:colcon.colcon_installed_package_information.package_discovery:Found 273 installed packages in /opt/ros/humble
[0.278s] Level 1:colcon.colcon_core.package_discovery:discover_packages(prefix_path) using defaults
[0.318s] Level 5:colcon.colcon_core.verb:set package 'realsense2_camera_msgs' build argument 'cmake_args' from command line to 'None'
[0.319s] Level 5:colcon.colcon_core.verb:set package 'realsense2_camera_msgs' build argument 'cmake_target' from command line to 'None'
[0.319s] Level 5:colcon.colcon_core.verb:set package 'realsense2_camera_msgs' build argument 'cmake_target_skip_unavailable' from command line to 'False'
[0.319s] Level 5:colcon.colcon_core.verb:set package 'realsense2_camera_msgs' build argument 'cmake_clean_cache' from command line to 'False'
[0.319s] Level 5:colcon.colcon_core.verb:set package 'realsense2_camera_msgs' build argument 'cmake_clean_first' from command line to 'False'
[0.319s] Level 5:colcon.colcon_core.verb:set package 'realsense2_camera_msgs' build argument 'cmake_force_configure' from command line to 'False'
[0.319s] Level 5:colcon.colcon_core.verb:set package 'realsense2_camera_msgs' build argument 'ament_cmake_args' from command line to 'None'
[0.319s] Level 5:colcon.colcon_core.verb:set package 'realsense2_camera_msgs' build argument 'catkin_cmake_args' from command line to 'None'
[0.319s] Level 5:colcon.colcon_core.verb:set package 'realsense2_camera_msgs' build argument 'catkin_skip_building_tests' from command line to 'False'
[0.319s] DEBUG:colcon.colcon_core.verb:Building package 'realsense2_camera_msgs' with the following arguments: {'ament_cmake_args': None, 'build_base': '/home/eddie/Documents/GitHub/robomaster_cv/build/realsense2_camera_msgs', 'catkin_cmake_args': None, 'catkin_skip_building_tests': False, 'cmake_args': None, 'cmake_clean_cache': False, 'cmake_clean_first': False, 'cmake_force_configure': False, 'cmake_target': None, 'cmake_target_skip_unavailable': False, 'install_base': '/home/eddie/Documents/GitHub/robomaster_cv/install/realsense2_camera_msgs', 'merge_install': False, 'path': '/home/eddie/Documents/GitHub/robomaster_cv/src/realsense-ros/realsense2_camera_msgs', 'symlink_install': False, 'test_result_base': None}
[0.319s] Level 5:colcon.colcon_core.verb:set package 'realsense2_camera' build argument 'cmake_args' from command line to 'None'
[0.319s] Level 5:colcon.colcon_core.verb:set package 'realsense2_camera' build argument 'cmake_target' from command line to 'None'
[0.319s] Level 5:colcon.colcon_core.verb:set package 'realsense2_camera' build argument 'cmake_target_skip_unavailable' from command line to 'False'
[0.319s] Level 5:colcon.colcon_core.verb:set package 'realsense2_camera' build argument 'cmake_clean_cache' from command line to 'False'
[0.319s] Level 5:colcon.colcon_core.verb:set package 'realsense2_camera' build argument 'cmake_clean_first' from command line to 'False'
[0.320s] Level 5:colcon.colcon_core.verb:set package 'realsense2_camera' build argument 'cmake_force_configure' from command line to 'False'
[0.320s] Level 5:colcon.colcon_core.verb:set package 'realsense2_camera' build argument 'ament_cmake_args' from command line to 'None'
[0.320s] Level 5:colcon.colcon_core.verb:set package 'realsense2_camera' build argument 'catkin_cmake_args' from command line to 'None'
[0.320s] Level 5:colcon.colcon_core.verb:set package 'realsense2_camera' build argument 'catkin_skip_building_tests' from command line to 'False'
[0.320s] DEBUG:colcon.colcon_core.verb:Building package 'realsense2_camera' with the following arguments: {'ament_cmake_args': None, 'build_base': '/home/eddie/Documents/GitHub/robomaster_cv/build/realsense2_camera', 'catkin_cmake_args': None, 'catkin_skip_building_tests': False, 'cmake_args': None, 'cmake_clean_cache': False, 'cmake_clean_first': False, 'cmake_force_configure': False, 'cmake_target': None, 'cmake_target_skip_unavailable': False, 'install_base': '/home/eddie/Documents/GitHub/robomaster_cv/install/realsense2_camera', 'merge_install': False, 'path': '/home/eddie/Documents/GitHub/robomaster_cv/src/realsense-ros/realsense2_camera', 'symlink_install': False, 'test_result_base': None}
[0.320s] Level 5:colcon.colcon_core.verb:set package 'realsense2_description' build argument 'cmake_args' from command line to 'None'
[0.320s] Level 5:colcon.colcon_core.verb:set package 'realsense2_description' build argument 'cmake_target' from command line to 'None'
[0.320s] Level 5:colcon.colcon_core.verb:set package 'realsense2_description' build argument 'cmake_target_skip_unavailable' from command line to 'False'
[0.320s] Level 5:colcon.colcon_core.verb:set package 'realsense2_description' build argument 'cmake_clean_cache' from command line to 'False'
[0.320s] Level 5:colcon.colcon_core.verb:set package 'realsense2_description' build argument 'cmake_clean_first' from command line to 'False'
[0.320s] Level 5:colcon.colcon_core.verb:set package 'realsense2_description' build argument 'cmake_force_configure' from command line to 'False'
[0.320s] Level 5:colcon.colcon_core.verb:set package 'realsense2_description' build argument 'ament_cmake_args' from command line to 'None'
[0.320s] Level 5:colcon.colcon_core.verb:set package 'realsense2_description' build argument 'catkin_cmake_args' from command line to 'None'
[0.320s] Level 5:colcon.colcon_core.verb:set package 'realsense2_description' build argument 'catkin_skip_building_tests' from command line to 'False'
[0.320s] DEBUG:colcon.colcon_core.verb:Building package 'realsense2_description' with the following arguments: {'ament_cmake_args': None, 'build_base': '/home/eddie/Documents/GitHub/robomaster_cv/build/realsense2_description', 'catkin_cmake_args': None, 'catkin_skip_building_tests': False, 'cmake_args': None, 'cmake_clean_cache': False, 'cmake_clean_first': False, 'cmake_force_configure': False, 'cmake_target': None, 'cmake_target_skip_unavailable': False, 'install_base': '/home/eddie/Documents/GitHub/robomaster_cv/install/realsense2_description', 'merge_install': False, 'path': '/home/eddie/Documents/GitHub/robomaster_cv/src/realsense-ros/realsense2_description', 'symlink_install': False, 'test_result_base': None}
[0.321s] INFO:colcon.colcon_core.executor:Executing jobs using 'parallel' executor
[0.323s] DEBUG:colcon.colcon_parallel_executor.executor.parallel:run_until_complete
[0.323s] INFO:colcon.colcon_ros.task.ament_cmake.build:Building ROS package in '/home/eddie/Documents/GitHub/robomaster_cv/src/realsense-ros/realsense2_camera_msgs' with build type 'ament_cmake'
[0.323s] INFO:colcon.colcon_cmake.task.cmake.build:Building CMake package in '/home/eddie/Documents/GitHub/robomaster_cv/src/realsense-ros/realsense2_camera_msgs'
[0.327s] INFO:colcon.colcon_core.plugin_system:Skipping extension 'colcon_core.shell.bat': Not used on non-Windows systems
[0.327s] INFO:colcon.colcon_core.shell:Skip shell extension 'powershell' for command environment: Not usable outside of PowerShell
[0.327s] DEBUG:colcon.colcon_core.shell:Skip shell extension 'dsv' for command environment
[0.336s] DEBUG:colcon.colcon_core.event_handler.log_command:Invoking command in '/home/eddie/Documents/GitHub/robomaster_cv/build/realsense2_camera_msgs': CMAKE_PREFIX_PATH=/opt/ros/humble /usr/bin/cmake --build /home/eddie/Documents/GitHub/robomaster_cv/build/realsense2_camera_msgs -- -j16 -l16
[0.606s] DEBUG:colcon.colcon_core.event_handler.log_command:Invoked command in '/home/eddie/Documents/GitHub/robomaster_cv/build/realsense2_camera_msgs' returned '0': CMAKE_PREFIX_PATH=/opt/ros/humble /usr/bin/cmake --build /home/eddie/Documents/GitHub/robomaster_cv/build/realsense2_camera_msgs -- -j16 -l16
[0.698s] DEBUG:colcon.colcon_core.event_handler.log_command:Invoking command in '/home/eddie/Documents/GitHub/robomaster_cv/build/realsense2_camera_msgs': CMAKE_PREFIX_PATH=/opt/ros/humble /usr/bin/cmake --install /home/eddie/Documents/GitHub/robomaster_cv/build/realsense2_camera_msgs
[0.740s] Level 1:colcon.colcon_core.environment:create_environment_scripts_only(realsense2_camera_msgs)
[0.741s] DEBUG:colcon.colcon_core.event_handler.log_command:Invoked command in '/home/eddie/Documents/GitHub/robomaster_cv/build/realsense2_camera_msgs' returned '0': CMAKE_PREFIX_PATH=/opt/ros/humble /usr/bin/cmake --install /home/eddie/Documents/GitHub/robomaster_cv/build/realsense2_camera_msgs
[0.744s] Level 1:colcon.colcon_core.environment:checking '/home/eddie/Documents/GitHub/robomaster_cv/install/realsense2_camera_msgs' for CMake module files
[0.745s] Level 1:colcon.colcon_core.environment:checking '/home/eddie/Documents/GitHub/robomaster_cv/install/realsense2_camera_msgs' for CMake config files
[0.745s] Level 1:colcon.colcon_core.shell:create_environment_hook('realsense2_camera_msgs', 'cmake_prefix_path')
[0.746s] INFO:colcon.colcon_core.shell:Creating environment hook '/home/eddie/Documents/GitHub/robomaster_cv/install/realsense2_camera_msgs/share/realsense2_camera_msgs/hook/cmake_prefix_path.ps1'
[0.747s] INFO:colcon.colcon_core.shell:Creating environment descriptor '/home/eddie/Documents/GitHub/robomaster_cv/install/realsense2_camera_msgs/share/realsense2_camera_msgs/hook/cmake_prefix_path.dsv'
[0.747s] INFO:colcon.colcon_core.shell:Creating environment hook '/home/eddie/Documents/GitHub/robomaster_cv/install/realsense2_camera_msgs/share/realsense2_camera_msgs/hook/cmake_prefix_path.sh'
[0.748s] Level 1:colcon.colcon_core.environment:checking '/home/eddie/Documents/GitHub/robomaster_cv/install/realsense2_camera_msgs/lib'
[0.748s] Level 1:colcon.colcon_core.shell:create_environment_hook('realsense2_camera_msgs', 'ld_library_path_lib')
[0.749s] INFO:colcon.colcon_core.shell:Creating environment hook '/home/eddie/Documents/GitHub/robomaster_cv/install/realsense2_camera_msgs/share/realsense2_camera_msgs/hook/ld_library_path_lib.ps1'
[0.750s] INFO:colcon.colcon_core.shell:Creating environment descriptor '/home/eddie/Documents/GitHub/robomaster_cv/install/realsense2_camera_msgs/share/realsense2_camera_msgs/hook/ld_library_path_lib.dsv'
[0.750s] INFO:colcon.colcon_core.shell:Creating environment hook '/home/eddie/Documents/GitHub/robomaster_cv/install/realsense2_camera_msgs/share/realsense2_camera_msgs/hook/ld_library_path_lib.sh'
[0.751s] Level 1:colcon.colcon_core.environment:checking '/home/eddie/Documents/GitHub/robomaster_cv/install/realsense2_camera_msgs/bin'
[0.751s] Level 1:colcon.colcon_core.environment:checking '/home/eddie/Documents/GitHub/robomaster_cv/install/realsense2_camera_msgs/lib/pkgconfig/realsense2_camera_msgs.pc'
[0.751s] Level 1:colcon.colcon_core.environment:checking '/home/eddie/Documents/GitHub/robomaster_cv/install/realsense2_camera_msgs/lib/python3.10/site-packages'
[0.752s] Level 1:colcon.colcon_core.environment:checking '/home/eddie/Documents/GitHub/robomaster_cv/install/realsense2_camera_msgs/bin'
[0.753s] INFO:colcon.colcon_core.shell:Creating package script '/home/eddie/Documents/GitHub/robomaster_cv/install/realsense2_camera_msgs/share/realsense2_camera_msgs/package.ps1'
[0.753s] INFO:colcon.colcon_core.shell:Creating package descriptor '/home/eddie/Documents/GitHub/robomaster_cv/install/realsense2_camera_msgs/share/realsense2_camera_msgs/package.dsv'
[0.754s] INFO:colcon.colcon_core.shell:Creating package script '/home/eddie/Documents/GitHub/robomaster_cv/install/realsense2_camera_msgs/share/realsense2_camera_msgs/package.sh'
[0.754s] INFO:colcon.colcon_core.shell:Creating package script '/home/eddie/Documents/GitHub/robomaster_cv/install/realsense2_camera_msgs/share/realsense2_camera_msgs/package.bash'
[0.755s] INFO:colcon.colcon_core.shell:Creating package script '/home/eddie/Documents/GitHub/robomaster_cv/install/realsense2_camera_msgs/share/realsense2_camera_msgs/package.zsh'
[0.756s] Level 1:colcon.colcon_core.environment:create_file_with_runtime_dependencies(/home/eddie/Documents/GitHub/robomaster_cv/install/realsense2_camera_msgs/share/colcon-core/packages/realsense2_camera_msgs)
[0.853s] Level 1:colcon.colcon_core.environment:create_environment_scripts_only(realsense2_camera_msgs)
[0.854s] Level 1:colcon.colcon_core.environment:checking '/home/eddie/Documents/GitHub/robomaster_cv/install/realsense2_camera_msgs' for CMake module files
[0.854s] Level 1:colcon.colcon_core.environment:checking '/home/eddie/Documents/GitHub/robomaster_cv/install/realsense2_camera_msgs' for CMake config files
[0.855s] Level 1:colcon.colcon_core.shell:create_environment_hook('realsense2_camera_msgs', 'cmake_prefix_path')
[0.856s] INFO:colcon.colcon_core.shell:Creating environment hook '/home/eddie/Documents/GitHub/robomaster_cv/install/realsense2_camera_msgs/share/realsense2_camera_msgs/hook/cmake_prefix_path.ps1'
[0.856s] INFO:colcon.colcon_core.shell:Creating environment descriptor '/home/eddie/Documents/GitHub/robomaster_cv/install/realsense2_camera_msgs/share/realsense2_camera_msgs/hook/cmake_prefix_path.dsv'
[0.856s] INFO:colcon.colcon_core.shell:Creating environment hook '/home/eddie/Documents/GitHub/robomaster_cv/install/realsense2_camera_msgs/share/realsense2_camera_msgs/hook/cmake_prefix_path.sh'
[0.856s] Level 1:colcon.colcon_core.environment:checking '/home/eddie/Documents/GitHub/robomaster_cv/install/realsense2_camera_msgs/lib'
[0.857s] Level 1:colcon.colcon_core.shell:create_environment_hook('realsense2_camera_msgs', 'ld_library_path_lib')
[0.857s] INFO:colcon.colcon_core.shell:Creating environment hook '/home/eddie/Documents/GitHub/robomaster_cv/install/realsense2_camera_msgs/share/realsense2_camera_msgs/hook/ld_library_path_lib.ps1'
[0.858s] INFO:colcon.colcon_core.shell:Creating environment descriptor '/home/eddie/Documents/GitHub/robomaster_cv/install/realsense2_camera_msgs/share/realsense2_camera_msgs/hook/ld_library_path_lib.dsv'
[0.858s] INFO:colcon.colcon_core.shell:Creating environment hook '/home/eddie/Documents/GitHub/robomaster_cv/install/realsense2_camera_msgs/share/realsense2_camera_msgs/hook/ld_library_path_lib.sh'
[0.858s] Level 1:colcon.colcon_core.environment:checking '/home/eddie/Documents/GitHub/robomaster_cv/install/realsense2_camera_msgs/bin'
[0.858s] Level 1:colcon.colcon_core.environment:checking '/home/eddie/Documents/GitHub/robomaster_cv/install/realsense2_camera_msgs/lib/pkgconfig/realsense2_camera_msgs.pc'
[0.858s] Level 1:colcon.colcon_core.environment:checking '/home/eddie/Documents/GitHub/robomaster_cv/install/realsense2_camera_msgs/lib/python3.10/site-packages'
[0.859s] Level 1:colcon.colcon_core.environment:checking '/home/eddie/Documents/GitHub/robomaster_cv/install/realsense2_camera_msgs/bin'
[0.860s] INFO:colcon.colcon_core.shell:Creating package script '/home/eddie/Documents/GitHub/robomaster_cv/install/realsense2_camera_msgs/share/realsense2_camera_msgs/package.ps1'
[0.860s] INFO:colcon.colcon_core.shell:Creating package descriptor '/home/eddie/Documents/GitHub/robomaster_cv/install/realsense2_camera_msgs/share/realsense2_camera_msgs/package.dsv'
[0.860s] INFO:colcon.colcon_core.shell:Creating package script '/home/eddie/Documents/GitHub/robomaster_cv/install/realsense2_camera_msgs/share/realsense2_camera_msgs/package.sh'
[0.861s] INFO:colcon.colcon_core.shell:Creating package script '/home/eddie/Documents/GitHub/robomaster_cv/install/realsense2_camera_msgs/share/realsense2_camera_msgs/package.bash'
[0.861s] INFO:colcon.colcon_core.shell:Creating package script '/home/eddie/Documents/GitHub/robomaster_cv/install/realsense2_camera_msgs/share/realsense2_camera_msgs/package.zsh'
[0.861s] Level 1:colcon.colcon_core.environment:create_file_with_runtime_dependencies(/home/eddie/Documents/GitHub/robomaster_cv/install/realsense2_camera_msgs/share/colcon-core/packages/realsense2_camera_msgs)
[0.861s] INFO:colcon.colcon_ros.task.ament_cmake.build:Building ROS package in '/home/eddie/Documents/GitHub/robomaster_cv/src/realsense-ros/realsense2_camera' with build type 'ament_cmake'
[0.862s] INFO:colcon.colcon_cmake.task.cmake.build:Building CMake package in '/home/eddie/Documents/GitHub/robomaster_cv/src/realsense-ros/realsense2_camera'
[0.862s] INFO:colcon.colcon_core.shell:Skip shell extension 'powershell' for command environment: Not usable outside of PowerShell
[0.862s] DEBUG:colcon.colcon_core.shell:Skip shell extension 'dsv' for command environment
[0.866s] INFO:colcon.colcon_ros.task.ament_cmake.build:Building ROS package in '/home/eddie/Documents/GitHub/robomaster_cv/src/realsense-ros/realsense2_description' with build type 'ament_cmake'
[0.866s] INFO:colcon.colcon_cmake.task.cmake.build:Building CMake package in '/home/eddie/Documents/GitHub/robomaster_cv/src/realsense-ros/realsense2_description'
[0.867s] INFO:colcon.colcon_core.shell:Skip shell extension 'powershell' for command environment: Not usable outside of PowerShell
[0.867s] DEBUG:colcon.colcon_core.shell:Skip shell extension 'dsv' for command environment
[0.874s] DEBUG:colcon.colcon_core.event_handler.log_command:Invoking command in '/home/eddie/Documents/GitHub/robomaster_cv/build/realsense2_camera': AMENT_PREFIX_PATH=/home/eddie/Documents/GitHub/robomaster_cv/install/realsense2_camera_msgs:${AMENT_PREFIX_PATH} CMAKE_PREFIX_PATH=/home/eddie/Documents/GitHub/robomaster_cv/install/realsense2_camera_msgs:/opt/ros/humble LD_LIBRARY_PATH=/home/eddie/Documents/GitHub/robomaster_cv/install/realsense2_camera_msgs/lib:${LD_LIBRARY_PATH} PYTHONPATH=/home/eddie/Documents/GitHub/robomaster_cv/install/realsense2_camera_msgs/local/lib/python3.10/dist-packages:${PYTHONPATH} /usr/bin/cmake /home/eddie/Documents/GitHub/robomaster_cv/src/realsense-ros/realsense2_camera -DCMAKE_INSTALL_PREFIX=/home/eddie/Documents/GitHub/robomaster_cv/install/realsense2_camera
[0.878s] DEBUG:colcon.colcon_core.event_handler.log_command:Invoking command in '/home/eddie/Documents/GitHub/robomaster_cv/build/realsense2_description': AMENT_PREFIX_PATH=/home/eddie/Documents/GitHub/robomaster_cv/install/realsense2_camera_msgs:${AMENT_PREFIX_PATH} CMAKE_PREFIX_PATH=/home/eddie/Documents/GitHub/robomaster_cv/install/realsense2_camera_msgs:/opt/ros/humble LD_LIBRARY_PATH=/home/eddie/Documents/GitHub/robomaster_cv/install/realsense2_camera_msgs/lib:${LD_LIBRARY_PATH} PYTHONPATH=/home/eddie/Documents/GitHub/robomaster_cv/install/realsense2_camera_msgs/local/lib/python3.10/dist-packages:${PYTHONPATH} /usr/bin/cmake --build /home/eddie/Documents/GitHub/robomaster_cv/build/realsense2_description -- -j16 -l16
[0.908s] DEBUG:colcon.colcon_core.event_handler.log_command:Invoked command in '/home/eddie/Documents/GitHub/robomaster_cv/build/realsense2_description' returned '0': AMENT_PREFIX_PATH=/home/eddie/Documents/GitHub/robomaster_cv/install/realsense2_camera_msgs:${AMENT_PREFIX_PATH} CMAKE_PREFIX_PATH=/home/eddie/Documents/GitHub/robomaster_cv/install/realsense2_camera_msgs:/opt/ros/humble LD_LIBRARY_PATH=/home/eddie/Documents/GitHub/robomaster_cv/install/realsense2_camera_msgs/lib:${LD_LIBRARY_PATH} PYTHONPATH=/home/eddie/Documents/GitHub/robomaster_cv/install/realsense2_camera_msgs/local/lib/python3.10/dist-packages:${PYTHONPATH} /usr/bin/cmake --build /home/eddie/Documents/GitHub/robomaster_cv/build/realsense2_description -- -j16 -l16
[0.926s] DEBUG:colcon.colcon_core.event_handler.log_command:Invoking command in '/home/eddie/Documents/GitHub/robomaster_cv/build/realsense2_description': AMENT_PREFIX_PATH=/home/eddie/Documents/GitHub/robomaster_cv/install/realsense2_camera_msgs:${AMENT_PREFIX_PATH} CMAKE_PREFIX_PATH=/home/eddie/Documents/GitHub/robomaster_cv/install/realsense2_camera_msgs:/opt/ros/humble LD_LIBRARY_PATH=/home/eddie/Documents/GitHub/robomaster_cv/install/realsense2_camera_msgs/lib:${LD_LIBRARY_PATH} PYTHONPATH=/home/eddie/Documents/GitHub/robomaster_cv/install/realsense2_camera_msgs/local/lib/python3.10/dist-packages:${PYTHONPATH} /usr/bin/cmake --install /home/eddie/Documents/GitHub/robomaster_cv/build/realsense2_description
[0.935s] Level 1:colcon.colcon_core.environment:create_environment_scripts_only(realsense2_description)
[0.937s] Level 1:colcon.colcon_core.environment:checking '/home/eddie/Documents/GitHub/robomaster_cv/install/realsense2_description' for CMake module files
[0.938s] Level 1:colcon.colcon_core.environment:checking '/home/eddie/Documents/GitHub/robomaster_cv/install/realsense2_description' for CMake config files
[0.938s] DEBUG:colcon.colcon_core.event_handler.log_command:Invoked command in '/home/eddie/Documents/GitHub/robomaster_cv/build/realsense2_description' returned '0': AMENT_PREFIX_PATH=/home/eddie/Documents/GitHub/robomaster_cv/install/realsense2_camera_msgs:${AMENT_PREFIX_PATH} CMAKE_PREFIX_PATH=/home/eddie/Documents/GitHub/robomaster_cv/install/realsense2_camera_msgs:/opt/ros/humble LD_LIBRARY_PATH=/home/eddie/Documents/GitHub/robomaster_cv/install/realsense2_camera_msgs/lib:${LD_LIBRARY_PATH} PYTHONPATH=/home/eddie/Documents/GitHub/robomaster_cv/install/realsense2_camera_msgs/local/lib/python3.10/dist-packages:${PYTHONPATH} /usr/bin/cmake --install /home/eddie/Documents/GitHub/robomaster_cv/build/realsense2_description
[0.939s] Level 1:colcon.colcon_core.shell:create_environment_hook('realsense2_description', 'cmake_prefix_path')
[0.940s] INFO:colcon.colcon_core.shell:Creating environment hook '/home/eddie/Documents/GitHub/robomaster_cv/install/realsense2_description/share/realsense2_description/hook/cmake_prefix_path.ps1'
[0.940s] INFO:colcon.colcon_core.shell:Creating environment descriptor '/home/eddie/Documents/GitHub/robomaster_cv/install/realsense2_description/share/realsense2_description/hook/cmake_prefix_path.dsv'
[0.940s] INFO:colcon.colcon_core.shell:Creating environment hook '/home/eddie/Documents/GitHub/robomaster_cv/install/realsense2_description/share/realsense2_description/hook/cmake_prefix_path.sh'
[0.941s] Level 1:colcon.colcon_core.environment:checking '/home/eddie/Documents/GitHub/robomaster_cv/install/realsense2_description/bin'
[0.941s] Level 1:colcon.colcon_core.environment:checking '/home/eddie/Documents/GitHub/robomaster_cv/install/realsense2_description/lib/pkgconfig/realsense2_description.pc'
[0.941s] Level 1:colcon.colcon_core.environment:checking '/home/eddie/Documents/GitHub/robomaster_cv/install/realsense2_description/lib/python3.10/site-packages'
[0.941s] Level 1:colcon.colcon_core.environment:checking '/home/eddie/Documents/GitHub/robomaster_cv/install/realsense2_description/bin'
[0.942s] INFO:colcon.colcon_core.shell:Creating package script '/home/eddie/Documents/GitHub/robomaster_cv/install/realsense2_description/share/realsense2_description/package.ps1'
[0.943s] INFO:colcon.colcon_core.shell:Creating package descriptor '/home/eddie/Documents/GitHub/robomaster_cv/install/realsense2_description/share/realsense2_description/package.dsv'
[0.943s] INFO:colcon.colcon_core.shell:Creating package script '/home/eddie/Documents/GitHub/robomaster_cv/install/realsense2_description/share/realsense2_description/package.sh'
[0.943s] INFO:colcon.colcon_core.shell:Creating package script '/home/eddie/Documents/GitHub/robomaster_cv/install/realsense2_description/share/realsense2_description/package.bash'
[0.944s] INFO:colcon.colcon_core.shell:Creating package script '/home/eddie/Documents/GitHub/robomaster_cv/install/realsense2_description/share/realsense2_description/package.zsh'
[0.944s] Level 1:colcon.colcon_core.environment:create_file_with_runtime_dependencies(/home/eddie/Documents/GitHub/robomaster_cv/install/realsense2_description/share/colcon-core/packages/realsense2_description)
[0.964s] Level 1:colcon.colcon_core.environment:create_environment_scripts_only(realsense2_description)
[0.967s] Level 1:colcon.colcon_core.environment:checking '/home/eddie/Documents/GitHub/robomaster_cv/install/realsense2_description' for CMake module files
[0.967s] Level 1:colcon.colcon_core.environment:checking '/home/eddie/Documents/GitHub/robomaster_cv/install/realsense2_description' for CMake config files
[0.968s] Level 1:colcon.colcon_core.shell:create_environment_hook('realsense2_description', 'cmake_prefix_path')
[0.969s] INFO:colcon.colcon_core.shell:Creating environment hook '/home/eddie/Documents/GitHub/robomaster_cv/install/realsense2_description/share/realsense2_description/hook/cmake_prefix_path.ps1'
[0.970s] INFO:colcon.colcon_core.shell:Creating environment descriptor '/home/eddie/Documents/GitHub/robomaster_cv/install/realsense2_description/share/realsense2_description/hook/cmake_prefix_path.dsv'
[0.970s] INFO:colcon.colcon_core.shell:Creating environment hook '/home/eddie/Documents/GitHub/robomaster_cv/install/realsense2_description/share/realsense2_description/hook/cmake_prefix_path.sh'
[0.971s] Level 1:colcon.colcon_core.environment:checking '/home/eddie/Documents/GitHub/robomaster_cv/install/realsense2_description/bin'
[0.971s] Level 1:colcon.colcon_core.environment:checking '/home/eddie/Documents/GitHub/robomaster_cv/install/realsense2_description/lib/pkgconfig/realsense2_description.pc'
[0.971s] Level 1:colcon.colcon_core.environment:checking '/home/eddie/Documents/GitHub/robomaster_cv/install/realsense2_description/lib/python3.10/site-packages'
[0.971s] Level 1:colcon.colcon_core.environment:checking '/home/eddie/Documents/GitHub/robomaster_cv/install/realsense2_description/bin'
[0.973s] INFO:colcon.colcon_core.shell:Creating package script '/home/eddie/Documents/GitHub/robomaster_cv/install/realsense2_description/share/realsense2_description/package.ps1'
[0.974s] INFO:colcon.colcon_core.shell:Creating package descriptor '/home/eddie/Documents/GitHub/robomaster_cv/install/realsense2_description/share/realsense2_description/package.dsv'
[0.974s] INFO:colcon.colcon_core.shell:Creating package script '/home/eddie/Documents/GitHub/robomaster_cv/install/realsense2_description/share/realsense2_description/package.sh'
[0.975s] INFO:colcon.colcon_core.shell:Creating package script '/home/eddie/Documents/GitHub/robomaster_cv/install/realsense2_description/share/realsense2_description/package.bash'
[0.975s] INFO:colcon.colcon_core.shell:Creating package script '/home/eddie/Documents/GitHub/robomaster_cv/install/realsense2_description/share/realsense2_description/package.zsh'
[0.976s] Level 1:colcon.colcon_core.environment:create_file_with_runtime_dependencies(/home/eddie/Documents/GitHub/robomaster_cv/install/realsense2_description/share/colcon-core/packages/realsense2_description)
[2.048s] DEBUG:colcon.colcon_core.event_handler.log_command:Invoked command in '/home/eddie/Documents/GitHub/robomaster_cv/build/realsense2_camera' returned '1': AMENT_PREFIX_PATH=/home/eddie/Documents/GitHub/robomaster_cv/install/realsense2_camera_msgs:${AMENT_PREFIX_PATH} CMAKE_PREFIX_PATH=/home/eddie/Documents/GitHub/robomaster_cv/install/realsense2_camera_msgs:/opt/ros/humble LD_LIBRARY_PATH=/home/eddie/Documents/GitHub/robomaster_cv/install/realsense2_camera_msgs/lib:${LD_LIBRARY_PATH} PYTHONPATH=/home/eddie/Documents/GitHub/robomaster_cv/install/realsense2_camera_msgs/local/lib/python3.10/dist-packages:${PYTHONPATH} /usr/bin/cmake /home/eddie/Documents/GitHub/robomaster_cv/src/realsense-ros/realsense2_camera -DCMAKE_INSTALL_PREFIX=/home/eddie/Documents/GitHub/robomaster_cv/install/realsense2_camera
[2.060s] Level 1:colcon.colcon_core.environment:create_environment_scripts_only(realsense2_camera)
[2.062s] Level 1:colcon.colcon_core.environment:checking '/home/eddie/Documents/GitHub/robomaster_cv/install/realsense2_camera' for CMake module files
[2.062s] Level 1:colcon.colcon_core.environment:checking '/home/eddie/Documents/GitHub/robomaster_cv/install/realsense2_camera' for CMake config files
[2.062s] Level 1:colcon.colcon_core.environment:checking '/home/eddie/Documents/GitHub/robomaster_cv/install/realsense2_camera/bin'
[2.062s] Level 1:colcon.colcon_core.environment:checking '/home/eddie/Documents/GitHub/robomaster_cv/install/realsense2_camera/lib/pkgconfig/realsense2_camera.pc'
[2.063s] Level 1:colcon.colcon_core.environment:checking '/home/eddie/Documents/GitHub/robomaster_cv/install/realsense2_camera/lib/python3.10/site-packages'
[2.063s] Level 1:colcon.colcon_core.environment:checking '/home/eddie/Documents/GitHub/robomaster_cv/install/realsense2_camera/bin'
[2.064s] INFO:colcon.colcon_core.shell:Creating package script '/home/eddie/Documents/GitHub/robomaster_cv/install/realsense2_camera/share/realsense2_camera/package.ps1'
[2.064s] INFO:colcon.colcon_core.shell:Creating package descriptor '/home/eddie/Documents/GitHub/robomaster_cv/install/realsense2_camera/share/realsense2_camera/package.dsv'
[2.065s] INFO:colcon.colcon_core.shell:Creating package script '/home/eddie/Documents/GitHub/robomaster_cv/install/realsense2_camera/share/realsense2_camera/package.sh'
[2.065s] INFO:colcon.colcon_core.shell:Creating package script '/home/eddie/Documents/GitHub/robomaster_cv/install/realsense2_camera/share/realsense2_camera/package.bash'
[2.065s] INFO:colcon.colcon_core.shell:Creating package script '/home/eddie/Documents/GitHub/robomaster_cv/install/realsense2_camera/share/realsense2_camera/package.zsh'
[2.065s] Level 1:colcon.colcon_core.environment:create_file_with_runtime_dependencies(/home/eddie/Documents/GitHub/robomaster_cv/install/realsense2_camera/share/colcon-core/packages/realsense2_camera)
[2.076s] DEBUG:colcon.colcon_parallel_executor.executor.parallel:closing loop
[2.076s] DEBUG:colcon.colcon_parallel_executor.executor.parallel:loop closed
[2.076s] DEBUG:colcon.colcon_parallel_executor.executor.parallel:run_until_complete finished with '1'
[2.076s] DEBUG:colcon.colcon_core.event_reactor:joining thread
[2.082s] INFO:colcon.colcon_core.plugin_system:Skipping extension 'colcon_notification.desktop_notification.notify_send': Could not find 'notify-send'
[2.082s] INFO:colcon.colcon_core.plugin_system:Skipping extension 'colcon_notification.desktop_notification.terminal_notifier': Not used on non-Darwin systems
[2.082s] INFO:colcon.colcon_core.plugin_system:Skipping extension 'colcon_notification.desktop_notification.win32': Not used on non-Windows systems
[2.082s] INFO:colcon.colcon_notification.desktop_notification:Sending desktop notification using 'notify2'
[2.105s] DEBUG:colcon.colcon_core.event_reactor:joined thread
[2.106s] INFO:colcon.colcon_core.shell:Creating prefix script '/home/eddie/Documents/GitHub/robomaster_cv/install/local_setup.ps1'
[2.108s] INFO:colcon.colcon_core.shell:Creating prefix util module '/home/eddie/Documents/GitHub/robomaster_cv/install/_local_setup_util_ps1.py'
[2.109s] INFO:colcon.colcon_core.shell:Creating prefix chain script '/home/eddie/Documents/GitHub/robomaster_cv/install/setup.ps1'
[2.111s] INFO:colcon.colcon_core.shell:Creating prefix script '/home/eddie/Documents/GitHub/robomaster_cv/install/local_setup.sh'
[2.112s] INFO:colcon.colcon_core.shell:Creating prefix util module '/home/eddie/Documents/GitHub/robomaster_cv/install/_local_setup_util_sh.py'
[2.112s] INFO:colcon.colcon_core.shell:Creating prefix chain script '/home/eddie/Documents/GitHub/robomaster_cv/install/setup.sh'
[2.114s] INFO:colcon.colcon_core.shell:Creating prefix script '/home/eddie/Documents/GitHub/robomaster_cv/install/local_setup.bash'
[2.114s] INFO:colcon.colcon_core.shell:Creating prefix chain script '/home/eddie/Documents/GitHub/robomaster_cv/install/setup.bash'
[2.116s] INFO:colcon.colcon_core.shell:Creating prefix script '/home/eddie/Documents/GitHub/robomaster_cv/install/local_setup.zsh'
[2.117s] INFO:colcon.colcon_core.shell:Creating prefix chain script '/home/eddie/Documents/GitHub/robomaster_cv/install/setup.zsh'
