[0.330s] DEBUG:colcon:Command line arguments: ['/usr/bin/colcon', 'build']
[0.330s] DEBUG:colcon:Parsed command line arguments: Namespace(log_base=None, log_level=None, verb_name='build', build_base='build', install_base='install', merge_install=False, symlink_install=False, test_result_base=None, continue_on_error=False, executor='parallel', parallel_workers=16, event_handlers=None, ignore_user_meta=False, metas=['./colcon.meta'], base_paths=['.'], packages_ignore=None, packages_ignore_regex=None, paths=None, packages_up_to=None, packages_up_to_regex=None, packages_above=None, packages_above_and_dependencies=None, packages_above_depth=None, packages_select_by_dep=None, packages_skip_by_dep=None, packages_skip_up_to=None, packages_select_build_failed=False, packages_skip_build_finished=False, packages_select_test_failures=False, packages_skip_test_passed=False, packages_select=None, packages_skip=None, packages_select_regex=None, packages_skip_regex=None, packages_start=None, packages_end=None, allow_overriding=[], cmake_args=None, cmake_target=None, cmake_target_skip_unavailable=False, cmake_clean_cache=False, cmake_clean_first=False, cmake_force_configure=False, ament_cmake_args=None, catkin_cmake_args=None, catkin_skip_building_tests=False, verb_parser=<colcon_defaults.argument_parser.defaults.DefaultArgumentsDecorator object at 0x7f8eeb530970>, verb_extension=<colcon_core.verb.build.BuildVerb object at 0x7f8eebd3df00>, main=<bound method BuildVerb.main of <colcon_core.verb.build.BuildVerb object at 0x7f8eebd3df00>>)
[0.369s] Level 1:colcon.colcon_core.package_discovery:discover_packages(colcon_meta) check parameters
[0.370s] Level 1:colcon.colcon_core.package_discovery:discover_packages(recursive) check parameters
[0.370s] Level 1:colcon.colcon_core.package_discovery:discover_packages(ignore) check parameters
[0.370s] Level 1:colcon.colcon_core.package_discovery:discover_packages(path) check parameters
[0.370s] Level 1:colcon.colcon_core.package_discovery:discover_packages(colcon_meta) discover
[0.370s] Level 1:colcon.colcon_core.package_discovery:discover_packages(recursive) discover
[0.370s] INFO:colcon.colcon_core.package_discovery:Crawling recursively for packages in '/home/eddie/Documents/GitHub/robomaster_cv'
[0.370s] Level 1:colcon.colcon_core.package_identification:_identify(.) by extensions ['ignore', 'ignore_ament_install']
[0.370s] Level 1:colcon.colcon_core.package_identification:_identify(.) by extension 'ignore'
[0.370s] Level 1:colcon.colcon_core.package_identification:_identify(.) by extension 'ignore_ament_install'
[0.370s] Level 1:colcon.colcon_core.package_identification:_identify(.) by extensions ['colcon_pkg']
[0.370s] Level 1:colcon.colcon_core.package_identification:_identify(.) by extension 'colcon_pkg'
[0.370s] Level 1:colcon.colcon_core.package_identification:_identify(.) by extensions ['colcon_meta']
[0.370s] Level 1:colcon.colcon_core.package_identification:_identify(.) by extension 'colcon_meta'
[0.370s] Level 1:colcon.colcon_core.package_identification:_identify(.) by extensions ['ros']
[0.370s] Level 1:colcon.colcon_core.package_identification:_identify(.) by extension 'ros'
[0.380s] Level 1:colcon.colcon_core.package_identification:_identify(.) by extensions ['cmake', 'python']
[0.380s] Level 1:colcon.colcon_core.package_identification:_identify(.) by extension 'cmake'
[0.380s] Level 1:colcon.colcon_core.package_identification:_identify(.) by extension 'python'
[0.380s] Level 1:colcon.colcon_core.package_identification:_identify(.) by extensions ['python_setup_py']
[0.380s] Level 1:colcon.colcon_core.package_identification:_identify(.) by extension 'python_setup_py'
[0.381s] Level 1:colcon.colcon_core.package_identification:_identify(build) by extensions ['ignore', 'ignore_ament_install']
[0.381s] Level 1:colcon.colcon_core.package_identification:_identify(build) by extension 'ignore'
[0.381s] Level 1:colcon.colcon_core.package_identification:_identify(build) ignored
[0.381s] Level 1:colcon.colcon_core.package_identification:_identify(install) by extensions ['ignore', 'ignore_ament_install']
[0.381s] Level 1:colcon.colcon_core.package_identification:_identify(install) by extension 'ignore'
[0.381s] Level 1:colcon.colcon_core.package_identification:_identify(install) ignored
[0.381s] Level 1:colcon.colcon_core.package_identification:_identify(log) by extensions ['ignore', 'ignore_ament_install']
[0.381s] Level 1:colcon.colcon_core.package_identification:_identify(log) by extension 'ignore'
[0.381s] Level 1:colcon.colcon_core.package_identification:_identify(log) ignored
[0.381s] Level 1:colcon.colcon_core.package_identification:_identify(src) by extensions ['ignore', 'ignore_ament_install']
[0.381s] Level 1:colcon.colcon_core.package_identification:_identify(src) by extension 'ignore'
[0.381s] Level 1:colcon.colcon_core.package_identification:_identify(src) by extension 'ignore_ament_install'
[0.381s] Level 1:colcon.colcon_core.package_identification:_identify(src) by extensions ['colcon_pkg']
[0.381s] Level 1:colcon.colcon_core.package_identification:_identify(src) by extension 'colcon_pkg'
[0.381s] Level 1:colcon.colcon_core.package_identification:_identify(src) by extensions ['colcon_meta']
[0.381s] Level 1:colcon.colcon_core.package_identification:_identify(src) by extension 'colcon_meta'
[0.381s] Level 1:colcon.colcon_core.package_identification:_identify(src) by extensions ['ros']
[0.381s] Level 1:colcon.colcon_core.package_identification:_identify(src) by extension 'ros'
[0.381s] Level 1:colcon.colcon_core.package_identification:_identify(src) by extensions ['cmake', 'python']
[0.381s] Level 1:colcon.colcon_core.package_identification:_identify(src) by extension 'cmake'
[0.381s] Level 1:colcon.colcon_core.package_identification:_identify(src) by extension 'python'
[0.381s] Level 1:colcon.colcon_core.package_identification:_identify(src) by extensions ['python_setup_py']
[0.381s] Level 1:colcon.colcon_core.package_identification:_identify(src) by extension 'python_setup_py'
[0.382s] Level 1:colcon.colcon_core.package_identification:_identify(src/realsense-ros) by extensions ['ignore', 'ignore_ament_install']
[0.382s] Level 1:colcon.colcon_core.package_identification:_identify(src/realsense-ros) by extension 'ignore'
[0.382s] Level 1:colcon.colcon_core.package_identification:_identify(src/realsense-ros) by extension 'ignore_ament_install'
[0.382s] Level 1:colcon.colcon_core.package_identification:_identify(src/realsense-ros) by extensions ['colcon_pkg']
[0.382s] Level 1:colcon.colcon_core.package_identification:_identify(src/realsense-ros) by extension 'colcon_pkg'
[0.382s] Level 1:colcon.colcon_core.package_identification:_identify(src/realsense-ros) by extensions ['colcon_meta']
[0.382s] Level 1:colcon.colcon_core.package_identification:_identify(src/realsense-ros) by extension 'colcon_meta'
[0.382s] Level 1:colcon.colcon_core.package_identification:_identify(src/realsense-ros) by extensions ['ros']
[0.382s] Level 1:colcon.colcon_core.package_identification:_identify(src/realsense-ros) by extension 'ros'
[0.382s] Level 1:colcon.colcon_core.package_identification:_identify(src/realsense-ros) by extensions ['cmake', 'python']
[0.382s] Level 1:colcon.colcon_core.package_identification:_identify(src/realsense-ros) by extension 'cmake'
[0.382s] Level 1:colcon.colcon_core.package_identification:_identify(src/realsense-ros) by extension 'python'
[0.382s] Level 1:colcon.colcon_core.package_identification:_identify(src/realsense-ros) by extensions ['python_setup_py']
[0.382s] Level 1:colcon.colcon_core.package_identification:_identify(src/realsense-ros) by extension 'python_setup_py'
[0.382s] Level 1:colcon.colcon_core.package_identification:_identify(src/realsense-ros/realsense2_camera) by extensions ['ignore', 'ignore_ament_install']
[0.382s] Level 1:colcon.colcon_core.package_identification:_identify(src/realsense-ros/realsense2_camera) by extension 'ignore'
[0.382s] Level 1:colcon.colcon_core.package_identification:_identify(src/realsense-ros/realsense2_camera) by extension 'ignore_ament_install'
[0.382s] Level 1:colcon.colcon_core.package_identification:_identify(src/realsense-ros/realsense2_camera) by extensions ['colcon_pkg']
[0.382s] Level 1:colcon.colcon_core.package_identification:_identify(src/realsense-ros/realsense2_camera) by extension 'colcon_pkg'
[0.382s] Level 1:colcon.colcon_core.package_identification:_identify(src/realsense-ros/realsense2_camera) by extensions ['colcon_meta']
[0.382s] Level 1:colcon.colcon_core.package_identification:_identify(src/realsense-ros/realsense2_camera) by extension 'colcon_meta'
[0.382s] Level 1:colcon.colcon_core.package_identification:_identify(src/realsense-ros/realsense2_camera) by extensions ['ros']
[0.382s] Level 1:colcon.colcon_core.package_identification:_identify(src/realsense-ros/realsense2_camera) by extension 'ros'
[0.386s] DEBUG:colcon.colcon_core.package_identification:Package 'src/realsense-ros/realsense2_camera' with type 'ros.ament_cmake' and name 'realsense2_camera'
[0.386s] Level 1:colcon.colcon_core.package_identification:_identify(src/realsense-ros/realsense2_camera_msgs) by extensions ['ignore', 'ignore_ament_install']
[0.386s] Level 1:colcon.colcon_core.package_identification:_identify(src/realsense-ros/realsense2_camera_msgs) by extension 'ignore'
[0.386s] Level 1:colcon.colcon_core.package_identification:_identify(src/realsense-ros/realsense2_camera_msgs) by extension 'ignore_ament_install'
[0.386s] Level 1:colcon.colcon_core.package_identification:_identify(src/realsense-ros/realsense2_camera_msgs) by extensions ['colcon_pkg']
[0.386s] Level 1:colcon.colcon_core.package_identification:_identify(src/realsense-ros/realsense2_camera_msgs) by extension 'colcon_pkg'
[0.386s] Level 1:colcon.colcon_core.package_identification:_identify(src/realsense-ros/realsense2_camera_msgs) by extensions ['colcon_meta']
[0.386s] Level 1:colcon.colcon_core.package_identification:_identify(src/realsense-ros/realsense2_camera_msgs) by extension 'colcon_meta'
[0.386s] Level 1:colcon.colcon_core.package_identification:_identify(src/realsense-ros/realsense2_camera_msgs) by extensions ['ros']
[0.386s] Level 1:colcon.colcon_core.package_identification:_identify(src/realsense-ros/realsense2_camera_msgs) by extension 'ros'
[0.386s] DEBUG:colcon.colcon_core.package_identification:Package 'src/realsense-ros/realsense2_camera_msgs' with type 'ros.ament_cmake' and name 'realsense2_camera_msgs'
[0.386s] Level 1:colcon.colcon_core.package_identification:_identify(src/realsense-ros/realsense2_description) by extensions ['ignore', 'ignore_ament_install']
[0.387s] Level 1:colcon.colcon_core.package_identification:_identify(src/realsense-ros/realsense2_description) by extension 'ignore'
[0.387s] Level 1:colcon.colcon_core.package_identification:_identify(src/realsense-ros/realsense2_description) by extension 'ignore_ament_install'
[0.387s] Level 1:colcon.colcon_core.package_identification:_identify(src/realsense-ros/realsense2_description) by extensions ['colcon_pkg']
[0.387s] Level 1:colcon.colcon_core.package_identification:_identify(src/realsense-ros/realsense2_description) by extension 'colcon_pkg'
[0.387s] Level 1:colcon.colcon_core.package_identification:_identify(src/realsense-ros/realsense2_description) by extensions ['colcon_meta']
[0.387s] Level 1:colcon.colcon_core.package_identification:_identify(src/realsense-ros/realsense2_description) by extension 'colcon_meta'
[0.387s] Level 1:colcon.colcon_core.package_identification:_identify(src/realsense-ros/realsense2_description) by extensions ['ros']
[0.387s] Level 1:colcon.colcon_core.package_identification:_identify(src/realsense-ros/realsense2_description) by extension 'ros'
[0.387s] DEBUG:colcon.colcon_core.package_identification:Package 'src/realsense-ros/realsense2_description' with type 'ros.ament_cmake' and name 'realsense2_description'
[0.387s] Level 1:colcon.colcon_core.package_identification:_identify(src/realsense-ros/scripts) by extensions ['ignore', 'ignore_ament_install']
[0.387s] Level 1:colcon.colcon_core.package_identification:_identify(src/realsense-ros/scripts) by extension 'ignore'
[0.387s] Level 1:colcon.colcon_core.package_identification:_identify(src/realsense-ros/scripts) by extension 'ignore_ament_install'
[0.387s] Level 1:colcon.colcon_core.package_identification:_identify(src/realsense-ros/scripts) by extensions ['colcon_pkg']
[0.387s] Level 1:colcon.colcon_core.package_identification:_identify(src/realsense-ros/scripts) by extension 'colcon_pkg'
[0.388s] Level 1:colcon.colcon_core.package_identification:_identify(src/realsense-ros/scripts) by extensions ['colcon_meta']
[0.388s] Level 1:colcon.colcon_core.package_identification:_identify(src/realsense-ros/scripts) by extension 'colcon_meta'
[0.388s] Level 1:colcon.colcon_core.package_identification:_identify(src/realsense-ros/scripts) by extensions ['ros']
[0.388s] Level 1:colcon.colcon_core.package_identification:_identify(src/realsense-ros/scripts) by extension 'ros'
[0.388s] Level 1:colcon.colcon_core.package_identification:_identify(src/realsense-ros/scripts) by extensions ['cmake', 'python']
[0.388s] Level 1:colcon.colcon_core.package_identification:_identify(src/realsense-ros/scripts) by extension 'cmake'
[0.388s] Level 1:colcon.colcon_core.package_identification:_identify(src/realsense-ros/scripts) by extension 'python'
[0.388s] Level 1:colcon.colcon_core.package_identification:_identify(src/realsense-ros/scripts) by extensions ['python_setup_py']
[0.388s] Level 1:colcon.colcon_core.package_identification:_identify(src/realsense-ros/scripts) by extension 'python_setup_py'
[0.388s] Level 1:colcon.colcon_core.package_discovery:discover_packages(recursive) using defaults
[0.388s] Level 1:colcon.colcon_core.package_discovery:discover_packages(ignore) discover
[0.388s] Level 1:colcon.colcon_core.package_discovery:discover_packages(ignore) using defaults
[0.388s] Level 1:colcon.colcon_core.package_discovery:discover_packages(path) discover
[0.388s] Level 1:colcon.colcon_core.package_discovery:discover_packages(path) using defaults
[0.410s] Level 1:colcon.colcon_core.package_discovery:discover_packages(prefix_path) check parameters
[0.410s] Level 1:colcon.colcon_core.package_discovery:discover_packages(prefix_path) discover
[0.413s] DEBUG:colcon.colcon_installed_package_information.package_discovery:Found 273 installed packages in /opt/ros/humble
[0.414s] Level 1:colcon.colcon_core.package_discovery:discover_packages(prefix_path) using defaults
[0.455s] Level 5:colcon.colcon_core.verb:set package 'realsense2_camera_msgs' build argument 'cmake_args' from command line to 'None'
[0.455s] Level 5:colcon.colcon_core.verb:set package 'realsense2_camera_msgs' build argument 'cmake_target' from command line to 'None'
[0.455s] Level 5:colcon.colcon_core.verb:set package 'realsense2_camera_msgs' build argument 'cmake_target_skip_unavailable' from command line to 'False'
[0.455s] Level 5:colcon.colcon_core.verb:set package 'realsense2_camera_msgs' build argument 'cmake_clean_cache' from command line to 'False'
[0.455s] Level 5:colcon.colcon_core.verb:set package 'realsense2_camera_msgs' build argument 'cmake_clean_first' from command line to 'False'
[0.455s] Level 5:colcon.colcon_core.verb:set package 'realsense2_camera_msgs' build argument 'cmake_force_configure' from command line to 'False'
[0.455s] Level 5:colcon.colcon_core.verb:set package 'realsense2_camera_msgs' build argument 'ament_cmake_args' from command line to 'None'
[0.455s] Level 5:colcon.colcon_core.verb:set package 'realsense2_camera_msgs' build argument 'catkin_cmake_args' from command line to 'None'
[0.455s] Level 5:colcon.colcon_core.verb:set package 'realsense2_camera_msgs' build argument 'catkin_skip_building_tests' from command line to 'False'
[0.455s] DEBUG:colcon.colcon_core.verb:Building package 'realsense2_camera_msgs' with the following arguments: {'ament_cmake_args': None, 'build_base': '/home/eddie/Documents/GitHub/robomaster_cv/build/realsense2_camera_msgs', 'catkin_cmake_args': None, 'catkin_skip_building_tests': False, 'cmake_args': None, 'cmake_clean_cache': False, 'cmake_clean_first': False, 'cmake_force_configure': False, 'cmake_target': None, 'cmake_target_skip_unavailable': False, 'install_base': '/home/eddie/Documents/GitHub/robomaster_cv/install/realsense2_camera_msgs', 'merge_install': False, 'path': '/home/eddie/Documents/GitHub/robomaster_cv/src/realsense-ros/realsense2_camera_msgs', 'symlink_install': False, 'test_result_base': None}
[0.455s] Level 5:colcon.colcon_core.verb:set package 'realsense2_camera' build argument 'cmake_args' from command line to 'None'
[0.456s] Level 5:colcon.colcon_core.verb:set package 'realsense2_camera' build argument 'cmake_target' from command line to 'None'
[0.456s] Level 5:colcon.colcon_core.verb:set package 'realsense2_camera' build argument 'cmake_target_skip_unavailable' from command line to 'False'
[0.456s] Level 5:colcon.colcon_core.verb:set package 'realsense2_camera' build argument 'cmake_clean_cache' from command line to 'False'
[0.456s] Level 5:colcon.colcon_core.verb:set package 'realsense2_camera' build argument 'cmake_clean_first' from command line to 'False'
[0.456s] Level 5:colcon.colcon_core.verb:set package 'realsense2_camera' build argument 'cmake_force_configure' from command line to 'False'
[0.456s] Level 5:colcon.colcon_core.verb:set package 'realsense2_camera' build argument 'ament_cmake_args' from command line to 'None'
[0.456s] Level 5:colcon.colcon_core.verb:set package 'realsense2_camera' build argument 'catkin_cmake_args' from command line to 'None'
[0.456s] Level 5:colcon.colcon_core.verb:set package 'realsense2_camera' build argument 'catkin_skip_building_tests' from command line to 'False'
[0.456s] DEBUG:colcon.colcon_core.verb:Building package 'realsense2_camera' with the following arguments: {'ament_cmake_args': None, 'build_base': '/home/eddie/Documents/GitHub/robomaster_cv/build/realsense2_camera', 'catkin_cmake_args': None, 'catkin_skip_building_tests': False, 'cmake_args': None, 'cmake_clean_cache': False, 'cmake_clean_first': False, 'cmake_force_configure': False, 'cmake_target': None, 'cmake_target_skip_unavailable': False, 'install_base': '/home/eddie/Documents/GitHub/robomaster_cv/install/realsense2_camera', 'merge_install': False, 'path': '/home/eddie/Documents/GitHub/robomaster_cv/src/realsense-ros/realsense2_camera', 'symlink_install': False, 'test_result_base': None}
[0.456s] Level 5:colcon.colcon_core.verb:set package 'realsense2_description' build argument 'cmake_args' from command line to 'None'
[0.456s] Level 5:colcon.colcon_core.verb:set package 'realsense2_description' build argument 'cmake_target' from command line to 'None'
[0.456s] Level 5:colcon.colcon_core.verb:set package 'realsense2_description' build argument 'cmake_target_skip_unavailable' from command line to 'False'
[0.456s] Level 5:colcon.colcon_core.verb:set package 'realsense2_description' build argument 'cmake_clean_cache' from command line to 'False'
[0.456s] Level 5:colcon.colcon_core.verb:set package 'realsense2_description' build argument 'cmake_clean_first' from command line to 'False'
[0.456s] Level 5:colcon.colcon_core.verb:set package 'realsense2_description' build argument 'cmake_force_configure' from command line to 'False'
[0.456s] Level 5:colcon.colcon_core.verb:set package 'realsense2_description' build argument 'ament_cmake_args' from command line to 'None'
[0.456s] Level 5:colcon.colcon_core.verb:set package 'realsense2_description' build argument 'catkin_cmake_args' from command line to 'None'
[0.456s] Level 5:colcon.colcon_core.verb:set package 'realsense2_description' build argument 'catkin_skip_building_tests' from command line to 'False'
[0.456s] DEBUG:colcon.colcon_core.verb:Building package 'realsense2_description' with the following arguments: {'ament_cmake_args': None, 'build_base': '/home/eddie/Documents/GitHub/robomaster_cv/build/realsense2_description', 'catkin_cmake_args': None, 'catkin_skip_building_tests': False, 'cmake_args': None, 'cmake_clean_cache': False, 'cmake_clean_first': False, 'cmake_force_configure': False, 'cmake_target': None, 'cmake_target_skip_unavailable': False, 'install_base': '/home/eddie/Documents/GitHub/robomaster_cv/install/realsense2_description', 'merge_install': False, 'path': '/home/eddie/Documents/GitHub/robomaster_cv/src/realsense-ros/realsense2_description', 'symlink_install': False, 'test_result_base': None}
[0.457s] INFO:colcon.colcon_core.executor:Executing jobs using 'parallel' executor
[0.459s] DEBUG:colcon.colcon_parallel_executor.executor.parallel:run_until_complete
[0.459s] INFO:colcon.colcon_ros.task.ament_cmake.build:Building ROS package in '/home/eddie/Documents/GitHub/robomaster_cv/src/realsense-ros/realsense2_camera_msgs' with build type 'ament_cmake'
[0.460s] INFO:colcon.colcon_cmake.task.cmake.build:Building CMake package in '/home/eddie/Documents/GitHub/robomaster_cv/src/realsense-ros/realsense2_camera_msgs'
[0.465s] INFO:colcon.colcon_core.plugin_system:Skipping extension 'colcon_core.shell.bat': Not used on non-Windows systems
[0.466s] INFO:colcon.colcon_core.shell:Skip shell extension 'powershell' for command environment: Not usable outside of PowerShell
[0.466s] DEBUG:colcon.colcon_core.shell:Skip shell extension 'dsv' for command environment
[0.476s] DEBUG:colcon.colcon_core.event_handler.log_command:Invoking command in '/home/eddie/Documents/GitHub/robomaster_cv/build/realsense2_camera_msgs': CMAKE_PREFIX_PATH=/opt/ros/humble /usr/bin/cmake --build /home/eddie/Documents/GitHub/robomaster_cv/build/realsense2_camera_msgs -- -j16 -l16
[0.758s] DEBUG:colcon.colcon_core.event_handler.log_command:Invoked command in '/home/eddie/Documents/GitHub/robomaster_cv/build/realsense2_camera_msgs' returned '0': CMAKE_PREFIX_PATH=/opt/ros/humble /usr/bin/cmake --build /home/eddie/Documents/GitHub/robomaster_cv/build/realsense2_camera_msgs -- -j16 -l16
[0.846s] DEBUG:colcon.colcon_core.event_handler.log_command:Invoking command in '/home/eddie/Documents/GitHub/robomaster_cv/build/realsense2_camera_msgs': CMAKE_PREFIX_PATH=/opt/ros/humble /usr/bin/cmake --install /home/eddie/Documents/GitHub/robomaster_cv/build/realsense2_camera_msgs
[0.901s] Level 1:colcon.colcon_core.environment:create_environment_scripts_only(realsense2_camera_msgs)
[0.902s] DEBUG:colcon.colcon_core.event_handler.log_command:Invoked command in '/home/eddie/Documents/GitHub/robomaster_cv/build/realsense2_camera_msgs' returned '0': CMAKE_PREFIX_PATH=/opt/ros/humble /usr/bin/cmake --install /home/eddie/Documents/GitHub/robomaster_cv/build/realsense2_camera_msgs
[0.908s] Level 1:colcon.colcon_core.environment:checking '/home/eddie/Documents/GitHub/robomaster_cv/install/realsense2_camera_msgs' for CMake module files
[0.908s] Level 1:colcon.colcon_core.environment:checking '/home/eddie/Documents/GitHub/robomaster_cv/install/realsense2_camera_msgs' for CMake config files
[0.909s] Level 1:colcon.colcon_core.shell:create_environment_hook('realsense2_camera_msgs', 'cmake_prefix_path')
[0.910s] INFO:colcon.colcon_core.shell:Creating environment hook '/home/eddie/Documents/GitHub/robomaster_cv/install/realsense2_camera_msgs/share/realsense2_camera_msgs/hook/cmake_prefix_path.ps1'
[0.910s] INFO:colcon.colcon_core.shell:Creating environment descriptor '/home/eddie/Documents/GitHub/robomaster_cv/install/realsense2_camera_msgs/share/realsense2_camera_msgs/hook/cmake_prefix_path.dsv'
[0.911s] INFO:colcon.colcon_core.shell:Creating environment hook '/home/eddie/Documents/GitHub/robomaster_cv/install/realsense2_camera_msgs/share/realsense2_camera_msgs/hook/cmake_prefix_path.sh'
[0.912s] Level 1:colcon.colcon_core.environment:checking '/home/eddie/Documents/GitHub/robomaster_cv/install/realsense2_camera_msgs/lib'
[0.912s] Level 1:colcon.colcon_core.shell:create_environment_hook('realsense2_camera_msgs', 'ld_library_path_lib')
[0.913s] INFO:colcon.colcon_core.shell:Creating environment hook '/home/eddie/Documents/GitHub/robomaster_cv/install/realsense2_camera_msgs/share/realsense2_camera_msgs/hook/ld_library_path_lib.ps1'
[0.914s] INFO:colcon.colcon_core.shell:Creating environment descriptor '/home/eddie/Documents/GitHub/robomaster_cv/install/realsense2_camera_msgs/share/realsense2_camera_msgs/hook/ld_library_path_lib.dsv'
[0.914s] INFO:colcon.colcon_core.shell:Creating environment hook '/home/eddie/Documents/GitHub/robomaster_cv/install/realsense2_camera_msgs/share/realsense2_camera_msgs/hook/ld_library_path_lib.sh'
[0.915s] Level 1:colcon.colcon_core.environment:checking '/home/eddie/Documents/GitHub/robomaster_cv/install/realsense2_camera_msgs/bin'
[0.915s] Level 1:colcon.colcon_core.environment:checking '/home/eddie/Documents/GitHub/robomaster_cv/install/realsense2_camera_msgs/lib/pkgconfig/realsense2_camera_msgs.pc'
[0.915s] Level 1:colcon.colcon_core.environment:checking '/home/eddie/Documents/GitHub/robomaster_cv/install/realsense2_camera_msgs/lib/python3.10/site-packages'
[0.915s] Level 1:colcon.colcon_core.environment:checking '/home/eddie/Documents/GitHub/robomaster_cv/install/realsense2_camera_msgs/bin'
[0.916s] INFO:colcon.colcon_core.shell:Creating package script '/home/eddie/Documents/GitHub/robomaster_cv/install/realsense2_camera_msgs/share/realsense2_camera_msgs/package.ps1'
[0.917s] INFO:colcon.colcon_core.shell:Creating package descriptor '/home/eddie/Documents/GitHub/robomaster_cv/install/realsense2_camera_msgs/share/realsense2_camera_msgs/package.dsv'
[0.917s] INFO:colcon.colcon_core.shell:Creating package script '/home/eddie/Documents/GitHub/robomaster_cv/install/realsense2_camera_msgs/share/realsense2_camera_msgs/package.sh'
[0.918s] INFO:colcon.colcon_core.shell:Creating package script '/home/eddie/Documents/GitHub/robomaster_cv/install/realsense2_camera_msgs/share/realsense2_camera_msgs/package.bash'
[0.919s] INFO:colcon.colcon_core.shell:Creating package script '/home/eddie/Documents/GitHub/robomaster_cv/install/realsense2_camera_msgs/share/realsense2_camera_msgs/package.zsh'
[0.919s] Level 1:colcon.colcon_core.environment:create_file_with_runtime_dependencies(/home/eddie/Documents/GitHub/robomaster_cv/install/realsense2_camera_msgs/share/colcon-core/packages/realsense2_camera_msgs)
[1.000s] Level 1:colcon.colcon_core.environment:create_environment_scripts_only(realsense2_camera_msgs)
[1.002s] Level 1:colcon.colcon_core.environment:checking '/home/eddie/Documents/GitHub/robomaster_cv/install/realsense2_camera_msgs' for CMake module files
[1.003s] Level 1:colcon.colcon_core.environment:checking '/home/eddie/Documents/GitHub/robomaster_cv/install/realsense2_camera_msgs' for CMake config files
[1.003s] Level 1:colcon.colcon_core.shell:create_environment_hook('realsense2_camera_msgs', 'cmake_prefix_path')
[1.004s] INFO:colcon.colcon_core.shell:Creating environment hook '/home/eddie/Documents/GitHub/robomaster_cv/install/realsense2_camera_msgs/share/realsense2_camera_msgs/hook/cmake_prefix_path.ps1'
[1.004s] INFO:colcon.colcon_core.shell:Creating environment descriptor '/home/eddie/Documents/GitHub/robomaster_cv/install/realsense2_camera_msgs/share/realsense2_camera_msgs/hook/cmake_prefix_path.dsv'
[1.004s] INFO:colcon.colcon_core.shell:Creating environment hook '/home/eddie/Documents/GitHub/robomaster_cv/install/realsense2_camera_msgs/share/realsense2_camera_msgs/hook/cmake_prefix_path.sh'
[1.005s] Level 1:colcon.colcon_core.environment:checking '/home/eddie/Documents/GitHub/robomaster_cv/install/realsense2_camera_msgs/lib'
[1.005s] Level 1:colcon.colcon_core.shell:create_environment_hook('realsense2_camera_msgs', 'ld_library_path_lib')
[1.005s] INFO:colcon.colcon_core.shell:Creating environment hook '/home/eddie/Documents/GitHub/robomaster_cv/install/realsense2_camera_msgs/share/realsense2_camera_msgs/hook/ld_library_path_lib.ps1'
[1.006s] INFO:colcon.colcon_core.shell:Creating environment descriptor '/home/eddie/Documents/GitHub/robomaster_cv/install/realsense2_camera_msgs/share/realsense2_camera_msgs/hook/ld_library_path_lib.dsv'
[1.006s] INFO:colcon.colcon_core.shell:Creating environment hook '/home/eddie/Documents/GitHub/robomaster_cv/install/realsense2_camera_msgs/share/realsense2_camera_msgs/hook/ld_library_path_lib.sh'
[1.006s] Level 1:colcon.colcon_core.environment:checking '/home/eddie/Documents/GitHub/robomaster_cv/install/realsense2_camera_msgs/bin'
[1.006s] Level 1:colcon.colcon_core.environment:checking '/home/eddie/Documents/GitHub/robomaster_cv/install/realsense2_camera_msgs/lib/pkgconfig/realsense2_camera_msgs.pc'
[1.006s] Level 1:colcon.colcon_core.environment:checking '/home/eddie/Documents/GitHub/robomaster_cv/install/realsense2_camera_msgs/lib/python3.10/site-packages'
[1.006s] Level 1:colcon.colcon_core.environment:checking '/home/eddie/Documents/GitHub/robomaster_cv/install/realsense2_camera_msgs/bin'
[1.007s] INFO:colcon.colcon_core.shell:Creating package script '/home/eddie/Documents/GitHub/robomaster_cv/install/realsense2_camera_msgs/share/realsense2_camera_msgs/package.ps1'
[1.008s] INFO:colcon.colcon_core.shell:Creating package descriptor '/home/eddie/Documents/GitHub/robomaster_cv/install/realsense2_camera_msgs/share/realsense2_camera_msgs/package.dsv'
[1.008s] INFO:colcon.colcon_core.shell:Creating package script '/home/eddie/Documents/GitHub/robomaster_cv/install/realsense2_camera_msgs/share/realsense2_camera_msgs/package.sh'
[1.008s] INFO:colcon.colcon_core.shell:Creating package script '/home/eddie/Documents/GitHub/robomaster_cv/install/realsense2_camera_msgs/share/realsense2_camera_msgs/package.bash'
[1.009s] INFO:colcon.colcon_core.shell:Creating package script '/home/eddie/Documents/GitHub/robomaster_cv/install/realsense2_camera_msgs/share/realsense2_camera_msgs/package.zsh'
[1.009s] Level 1:colcon.colcon_core.environment:create_file_with_runtime_dependencies(/home/eddie/Documents/GitHub/robomaster_cv/install/realsense2_camera_msgs/share/colcon-core/packages/realsense2_camera_msgs)
[1.009s] INFO:colcon.colcon_ros.task.ament_cmake.build:Building ROS package in '/home/eddie/Documents/GitHub/robomaster_cv/src/realsense-ros/realsense2_camera' with build type 'ament_cmake'
[1.009s] INFO:colcon.colcon_cmake.task.cmake.build:Building CMake package in '/home/eddie/Documents/GitHub/robomaster_cv/src/realsense-ros/realsense2_camera'
[1.010s] INFO:colcon.colcon_core.shell:Skip shell extension 'powershell' for command environment: Not usable outside of PowerShell
[1.010s] DEBUG:colcon.colcon_core.shell:Skip shell extension 'dsv' for command environment
[1.014s] INFO:colcon.colcon_ros.task.ament_cmake.build:Building ROS package in '/home/eddie/Documents/GitHub/robomaster_cv/src/realsense-ros/realsense2_description' with build type 'ament_cmake'
[1.014s] INFO:colcon.colcon_cmake.task.cmake.build:Building CMake package in '/home/eddie/Documents/GitHub/robomaster_cv/src/realsense-ros/realsense2_description'
[1.015s] INFO:colcon.colcon_core.shell:Skip shell extension 'powershell' for command environment: Not usable outside of PowerShell
[1.015s] DEBUG:colcon.colcon_core.shell:Skip shell extension 'dsv' for command environment
[1.021s] DEBUG:colcon.colcon_core.event_handler.log_command:Invoking command in '/home/eddie/Documents/GitHub/robomaster_cv/build/realsense2_camera': AMENT_PREFIX_PATH=/home/eddie/Documents/GitHub/robomaster_cv/install/realsense2_camera_msgs:${AMENT_PREFIX_PATH} CMAKE_PREFIX_PATH=/home/eddie/Documents/GitHub/robomaster_cv/install/realsense2_camera_msgs:/opt/ros/humble LD_LIBRARY_PATH=/home/eddie/Documents/GitHub/robomaster_cv/install/realsense2_camera_msgs/lib:${LD_LIBRARY_PATH} PYTHONPATH=/home/eddie/Documents/GitHub/robomaster_cv/install/realsense2_camera_msgs/local/lib/python3.10/dist-packages:${PYTHONPATH} /usr/bin/cmake /home/eddie/Documents/GitHub/robomaster_cv/src/realsense-ros/realsense2_camera -DCMAKE_INSTALL_PREFIX=/home/eddie/Documents/GitHub/robomaster_cv/install/realsense2_camera
[1.025s] DEBUG:colcon.colcon_core.event_handler.log_command:Invoking command in '/home/eddie/Documents/GitHub/robomaster_cv/build/realsense2_description': AMENT_PREFIX_PATH=/home/eddie/Documents/GitHub/robomaster_cv/install/realsense2_camera_msgs:${AMENT_PREFIX_PATH} CMAKE_PREFIX_PATH=/home/eddie/Documents/GitHub/robomaster_cv/install/realsense2_camera_msgs:/opt/ros/humble LD_LIBRARY_PATH=/home/eddie/Documents/GitHub/robomaster_cv/install/realsense2_camera_msgs/lib:${LD_LIBRARY_PATH} PYTHONPATH=/home/eddie/Documents/GitHub/robomaster_cv/install/realsense2_camera_msgs/local/lib/python3.10/dist-packages:${PYTHONPATH} /usr/bin/cmake --build /home/eddie/Documents/GitHub/robomaster_cv/build/realsense2_description -- -j16 -l16
[1.057s] DEBUG:colcon.colcon_core.event_handler.log_command:Invoked command in '/home/eddie/Documents/GitHub/robomaster_cv/build/realsense2_description' returned '0': AMENT_PREFIX_PATH=/home/eddie/Documents/GitHub/robomaster_cv/install/realsense2_camera_msgs:${AMENT_PREFIX_PATH} CMAKE_PREFIX_PATH=/home/eddie/Documents/GitHub/robomaster_cv/install/realsense2_camera_msgs:/opt/ros/humble LD_LIBRARY_PATH=/home/eddie/Documents/GitHub/robomaster_cv/install/realsense2_camera_msgs/lib:${LD_LIBRARY_PATH} PYTHONPATH=/home/eddie/Documents/GitHub/robomaster_cv/install/realsense2_camera_msgs/local/lib/python3.10/dist-packages:${PYTHONPATH} /usr/bin/cmake --build /home/eddie/Documents/GitHub/robomaster_cv/build/realsense2_description -- -j16 -l16
[1.077s] DEBUG:colcon.colcon_core.event_handler.log_command:Invoking command in '/home/eddie/Documents/GitHub/robomaster_cv/build/realsense2_description': AMENT_PREFIX_PATH=/home/eddie/Documents/GitHub/robomaster_cv/install/realsense2_camera_msgs:${AMENT_PREFIX_PATH} CMAKE_PREFIX_PATH=/home/eddie/Documents/GitHub/robomaster_cv/install/realsense2_camera_msgs:/opt/ros/humble LD_LIBRARY_PATH=/home/eddie/Documents/GitHub/robomaster_cv/install/realsense2_camera_msgs/lib:${LD_LIBRARY_PATH} PYTHONPATH=/home/eddie/Documents/GitHub/robomaster_cv/install/realsense2_camera_msgs/local/lib/python3.10/dist-packages:${PYTHONPATH} /usr/bin/cmake --install /home/eddie/Documents/GitHub/robomaster_cv/build/realsense2_description
[1.086s] Level 1:colcon.colcon_core.environment:create_environment_scripts_only(realsense2_description)
[1.088s] Level 1:colcon.colcon_core.environment:checking '/home/eddie/Documents/GitHub/robomaster_cv/install/realsense2_description' for CMake module files
[1.088s] Level 1:colcon.colcon_core.environment:checking '/home/eddie/Documents/GitHub/robomaster_cv/install/realsense2_description' for CMake config files
[1.089s] Level 1:colcon.colcon_core.shell:create_environment_hook('realsense2_description', 'cmake_prefix_path')
[1.090s] INFO:colcon.colcon_core.shell:Creating environment hook '/home/eddie/Documents/GitHub/robomaster_cv/install/realsense2_description/share/realsense2_description/hook/cmake_prefix_path.ps1'
[1.090s] DEBUG:colcon.colcon_core.event_handler.log_command:Invoked command in '/home/eddie/Documents/GitHub/robomaster_cv/build/realsense2_description' returned '0': AMENT_PREFIX_PATH=/home/eddie/Documents/GitHub/robomaster_cv/install/realsense2_camera_msgs:${AMENT_PREFIX_PATH} CMAKE_PREFIX_PATH=/home/eddie/Documents/GitHub/robomaster_cv/install/realsense2_camera_msgs:/opt/ros/humble LD_LIBRARY_PATH=/home/eddie/Documents/GitHub/robomaster_cv/install/realsense2_camera_msgs/lib:${LD_LIBRARY_PATH} PYTHONPATH=/home/eddie/Documents/GitHub/robomaster_cv/install/realsense2_camera_msgs/local/lib/python3.10/dist-packages:${PYTHONPATH} /usr/bin/cmake --install /home/eddie/Documents/GitHub/robomaster_cv/build/realsense2_description
[1.091s] INFO:colcon.colcon_core.shell:Creating environment descriptor '/home/eddie/Documents/GitHub/robomaster_cv/install/realsense2_description/share/realsense2_description/hook/cmake_prefix_path.dsv'
[1.091s] INFO:colcon.colcon_core.shell:Creating environment hook '/home/eddie/Documents/GitHub/robomaster_cv/install/realsense2_description/share/realsense2_description/hook/cmake_prefix_path.sh'
[1.091s] Level 1:colcon.colcon_core.environment:checking '/home/eddie/Documents/GitHub/robomaster_cv/install/realsense2_description/bin'
[1.091s] Level 1:colcon.colcon_core.environment:checking '/home/eddie/Documents/GitHub/robomaster_cv/install/realsense2_description/lib/pkgconfig/realsense2_description.pc'
[1.091s] Level 1:colcon.colcon_core.environment:checking '/home/eddie/Documents/GitHub/robomaster_cv/install/realsense2_description/lib/python3.10/site-packages'
[1.092s] Level 1:colcon.colcon_core.environment:checking '/home/eddie/Documents/GitHub/robomaster_cv/install/realsense2_description/bin'
[1.093s] INFO:colcon.colcon_core.shell:Creating package script '/home/eddie/Documents/GitHub/robomaster_cv/install/realsense2_description/share/realsense2_description/package.ps1'
[1.093s] INFO:colcon.colcon_core.shell:Creating package descriptor '/home/eddie/Documents/GitHub/robomaster_cv/install/realsense2_description/share/realsense2_description/package.dsv'
[1.093s] INFO:colcon.colcon_core.shell:Creating package script '/home/eddie/Documents/GitHub/robomaster_cv/install/realsense2_description/share/realsense2_description/package.sh'
[1.093s] INFO:colcon.colcon_core.shell:Creating package script '/home/eddie/Documents/GitHub/robomaster_cv/install/realsense2_description/share/realsense2_description/package.bash'
[1.094s] INFO:colcon.colcon_core.shell:Creating package script '/home/eddie/Documents/GitHub/robomaster_cv/install/realsense2_description/share/realsense2_description/package.zsh'
[1.094s] Level 1:colcon.colcon_core.environment:create_file_with_runtime_dependencies(/home/eddie/Documents/GitHub/robomaster_cv/install/realsense2_description/share/colcon-core/packages/realsense2_description)
[1.112s] Level 1:colcon.colcon_core.environment:create_environment_scripts_only(realsense2_description)
[1.113s] Level 1:colcon.colcon_core.environment:checking '/home/eddie/Documents/GitHub/robomaster_cv/install/realsense2_description' for CMake module files
[1.114s] Level 1:colcon.colcon_core.environment:checking '/home/eddie/Documents/GitHub/robomaster_cv/install/realsense2_description' for CMake config files
[1.114s] Level 1:colcon.colcon_core.shell:create_environment_hook('realsense2_description', 'cmake_prefix_path')
[1.115s] INFO:colcon.colcon_core.shell:Creating environment hook '/home/eddie/Documents/GitHub/robomaster_cv/install/realsense2_description/share/realsense2_description/hook/cmake_prefix_path.ps1'
[1.115s] INFO:colcon.colcon_core.shell:Creating environment descriptor '/home/eddie/Documents/GitHub/robomaster_cv/install/realsense2_description/share/realsense2_description/hook/cmake_prefix_path.dsv'
[1.115s] INFO:colcon.colcon_core.shell:Creating environment hook '/home/eddie/Documents/GitHub/robomaster_cv/install/realsense2_description/share/realsense2_description/hook/cmake_prefix_path.sh'
[1.116s] Level 1:colcon.colcon_core.environment:checking '/home/eddie/Documents/GitHub/robomaster_cv/install/realsense2_description/bin'
[1.116s] Level 1:colcon.colcon_core.environment:checking '/home/eddie/Documents/GitHub/robomaster_cv/install/realsense2_description/lib/pkgconfig/realsense2_description.pc'
[1.116s] Level 1:colcon.colcon_core.environment:checking '/home/eddie/Documents/GitHub/robomaster_cv/install/realsense2_description/lib/python3.10/site-packages'
[1.116s] Level 1:colcon.colcon_core.environment:checking '/home/eddie/Documents/GitHub/robomaster_cv/install/realsense2_description/bin'
[1.117s] INFO:colcon.colcon_core.shell:Creating package script '/home/eddie/Documents/GitHub/robomaster_cv/install/realsense2_description/share/realsense2_description/package.ps1'
[1.117s] INFO:colcon.colcon_core.shell:Creating package descriptor '/home/eddie/Documents/GitHub/robomaster_cv/install/realsense2_description/share/realsense2_description/package.dsv'
[1.118s] INFO:colcon.colcon_core.shell:Creating package script '/home/eddie/Documents/GitHub/robomaster_cv/install/realsense2_description/share/realsense2_description/package.sh'
[1.118s] INFO:colcon.colcon_core.shell:Creating package script '/home/eddie/Documents/GitHub/robomaster_cv/install/realsense2_description/share/realsense2_description/package.bash'
[1.118s] INFO:colcon.colcon_core.shell:Creating package script '/home/eddie/Documents/GitHub/robomaster_cv/install/realsense2_description/share/realsense2_description/package.zsh'
[1.118s] Level 1:colcon.colcon_core.environment:create_file_with_runtime_dependencies(/home/eddie/Documents/GitHub/robomaster_cv/install/realsense2_description/share/colcon-core/packages/realsense2_description)
[4.652s] DEBUG:colcon.colcon_core.event_handler.log_command:Invoked command in '/home/eddie/Documents/GitHub/robomaster_cv/build/realsense2_camera' returned '0': AMENT_PREFIX_PATH=/home/eddie/Documents/GitHub/robomaster_cv/install/realsense2_camera_msgs:${AMENT_PREFIX_PATH} CMAKE_PREFIX_PATH=/home/eddie/Documents/GitHub/robomaster_cv/install/realsense2_camera_msgs:/opt/ros/humble LD_LIBRARY_PATH=/home/eddie/Documents/GitHub/robomaster_cv/install/realsense2_camera_msgs/lib:${LD_LIBRARY_PATH} PYTHONPATH=/home/eddie/Documents/GitHub/robomaster_cv/install/realsense2_camera_msgs/local/lib/python3.10/dist-packages:${PYTHONPATH} /usr/bin/cmake /home/eddie/Documents/GitHub/robomaster_cv/src/realsense-ros/realsense2_camera -DCMAKE_INSTALL_PREFIX=/home/eddie/Documents/GitHub/robomaster_cv/install/realsense2_camera
[4.654s] DEBUG:colcon.colcon_core.event_handler.log_command:Invoking command in '/home/eddie/Documents/GitHub/robomaster_cv/build/realsense2_camera': AMENT_PREFIX_PATH=/home/eddie/Documents/GitHub/robomaster_cv/install/realsense2_camera_msgs:${AMENT_PREFIX_PATH} CMAKE_PREFIX_PATH=/home/eddie/Documents/GitHub/robomaster_cv/install/realsense2_camera_msgs:/opt/ros/humble LD_LIBRARY_PATH=/home/eddie/Documents/GitHub/robomaster_cv/install/realsense2_camera_msgs/lib:${LD_LIBRARY_PATH} PYTHONPATH=/home/eddie/Documents/GitHub/robomaster_cv/install/realsense2_camera_msgs/local/lib/python3.10/dist-packages:${PYTHONPATH} /usr/bin/cmake --build /home/eddie/Documents/GitHub/robomaster_cv/build/realsense2_camera -- -j16 -l16
[23.362s] DEBUG:colcon.colcon_core.event_handler.log_command:Invoked command in '/home/eddie/Documents/GitHub/robomaster_cv/build/realsense2_camera' returned '0': AMENT_PREFIX_PATH=/home/eddie/Documents/GitHub/robomaster_cv/install/realsense2_camera_msgs:${AMENT_PREFIX_PATH} CMAKE_PREFIX_PATH=/home/eddie/Documents/GitHub/robomaster_cv/install/realsense2_camera_msgs:/opt/ros/humble LD_LIBRARY_PATH=/home/eddie/Documents/GitHub/robomaster_cv/install/realsense2_camera_msgs/lib:${LD_LIBRARY_PATH} PYTHONPATH=/home/eddie/Documents/GitHub/robomaster_cv/install/realsense2_camera_msgs/local/lib/python3.10/dist-packages:${PYTHONPATH} /usr/bin/cmake --build /home/eddie/Documents/GitHub/robomaster_cv/build/realsense2_camera -- -j16 -l16
[23.405s] DEBUG:colcon.colcon_core.event_handler.log_command:Invoking command in '/home/eddie/Documents/GitHub/robomaster_cv/build/realsense2_camera': AMENT_PREFIX_PATH=/home/eddie/Documents/GitHub/robomaster_cv/install/realsense2_camera_msgs:${AMENT_PREFIX_PATH} CMAKE_PREFIX_PATH=/home/eddie/Documents/GitHub/robomaster_cv/install/realsense2_camera_msgs:/opt/ros/humble LD_LIBRARY_PATH=/home/eddie/Documents/GitHub/robomaster_cv/install/realsense2_camera_msgs/lib:${LD_LIBRARY_PATH} PYTHONPATH=/home/eddie/Documents/GitHub/robomaster_cv/install/realsense2_camera_msgs/local/lib/python3.10/dist-packages:${PYTHONPATH} /usr/bin/cmake --install /home/eddie/Documents/GitHub/robomaster_cv/build/realsense2_camera
[23.419s] Level 1:colcon.colcon_core.environment:create_environment_scripts_only(realsense2_camera)
[23.419s] DEBUG:colcon.colcon_core.event_handler.log_command:Invoked command in '/home/eddie/Documents/GitHub/robomaster_cv/build/realsense2_camera' returned '0': AMENT_PREFIX_PATH=/home/eddie/Documents/GitHub/robomaster_cv/install/realsense2_camera_msgs:${AMENT_PREFIX_PATH} CMAKE_PREFIX_PATH=/home/eddie/Documents/GitHub/robomaster_cv/install/realsense2_camera_msgs:/opt/ros/humble LD_LIBRARY_PATH=/home/eddie/Documents/GitHub/robomaster_cv/install/realsense2_camera_msgs/lib:${LD_LIBRARY_PATH} PYTHONPATH=/home/eddie/Documents/GitHub/robomaster_cv/install/realsense2_camera_msgs/local/lib/python3.10/dist-packages:${PYTHONPATH} /usr/bin/cmake --install /home/eddie/Documents/GitHub/robomaster_cv/build/realsense2_camera
[23.421s] Level 1:colcon.colcon_core.environment:checking '/home/eddie/Documents/GitHub/robomaster_cv/install/realsense2_camera' for CMake module files
[23.422s] Level 1:colcon.colcon_core.environment:checking '/home/eddie/Documents/GitHub/robomaster_cv/install/realsense2_camera' for CMake config files
[23.422s] Level 1:colcon.colcon_core.shell:create_environment_hook('realsense2_camera', 'cmake_prefix_path')
[23.423s] INFO:colcon.colcon_core.shell:Creating environment hook '/home/eddie/Documents/GitHub/robomaster_cv/install/realsense2_camera/share/realsense2_camera/hook/cmake_prefix_path.ps1'
[23.423s] INFO:colcon.colcon_core.shell:Creating environment descriptor '/home/eddie/Documents/GitHub/robomaster_cv/install/realsense2_camera/share/realsense2_camera/hook/cmake_prefix_path.dsv'
[23.424s] INFO:colcon.colcon_core.shell:Creating environment hook '/home/eddie/Documents/GitHub/robomaster_cv/install/realsense2_camera/share/realsense2_camera/hook/cmake_prefix_path.sh'
[23.424s] Level 1:colcon.colcon_core.environment:checking '/home/eddie/Documents/GitHub/robomaster_cv/install/realsense2_camera/lib'
[23.424s] Level 1:colcon.colcon_core.shell:create_environment_hook('realsense2_camera', 'ld_library_path_lib')
[23.425s] INFO:colcon.colcon_core.shell:Creating environment hook '/home/eddie/Documents/GitHub/robomaster_cv/install/realsense2_camera/share/realsense2_camera/hook/ld_library_path_lib.ps1'
[23.425s] INFO:colcon.colcon_core.shell:Creating environment descriptor '/home/eddie/Documents/GitHub/robomaster_cv/install/realsense2_camera/share/realsense2_camera/hook/ld_library_path_lib.dsv'
[23.425s] INFO:colcon.colcon_core.shell:Creating environment hook '/home/eddie/Documents/GitHub/robomaster_cv/install/realsense2_camera/share/realsense2_camera/hook/ld_library_path_lib.sh'
[23.425s] Level 1:colcon.colcon_core.environment:checking '/home/eddie/Documents/GitHub/robomaster_cv/install/realsense2_camera/bin'
[23.425s] Level 1:colcon.colcon_core.environment:checking '/home/eddie/Documents/GitHub/robomaster_cv/install/realsense2_camera/lib/pkgconfig/realsense2_camera.pc'
[23.426s] Level 1:colcon.colcon_core.environment:checking '/home/eddie/Documents/GitHub/robomaster_cv/install/realsense2_camera/lib/python3.10/site-packages'
[23.426s] Level 1:colcon.colcon_core.environment:checking '/home/eddie/Documents/GitHub/robomaster_cv/install/realsense2_camera/bin'
[23.427s] INFO:colcon.colcon_core.shell:Creating package script '/home/eddie/Documents/GitHub/robomaster_cv/install/realsense2_camera/share/realsense2_camera/package.ps1'
[23.427s] INFO:colcon.colcon_core.shell:Creating package descriptor '/home/eddie/Documents/GitHub/robomaster_cv/install/realsense2_camera/share/realsense2_camera/package.dsv'
[23.427s] INFO:colcon.colcon_core.shell:Creating package script '/home/eddie/Documents/GitHub/robomaster_cv/install/realsense2_camera/share/realsense2_camera/package.sh'
[23.428s] INFO:colcon.colcon_core.shell:Creating package script '/home/eddie/Documents/GitHub/robomaster_cv/install/realsense2_camera/share/realsense2_camera/package.bash'
[23.428s] INFO:colcon.colcon_core.shell:Creating package script '/home/eddie/Documents/GitHub/robomaster_cv/install/realsense2_camera/share/realsense2_camera/package.zsh'
[23.428s] Level 1:colcon.colcon_core.environment:create_file_with_runtime_dependencies(/home/eddie/Documents/GitHub/robomaster_cv/install/realsense2_camera/share/colcon-core/packages/realsense2_camera)
[23.470s] Level 1:colcon.colcon_core.environment:create_environment_scripts_only(realsense2_camera)
[23.471s] Level 1:colcon.colcon_core.environment:checking '/home/eddie/Documents/GitHub/robomaster_cv/install/realsense2_camera' for CMake module files
[23.471s] Level 1:colcon.colcon_core.environment:checking '/home/eddie/Documents/GitHub/robomaster_cv/install/realsense2_camera' for CMake config files
[23.472s] Level 1:colcon.colcon_core.shell:create_environment_hook('realsense2_camera', 'cmake_prefix_path')
[23.473s] INFO:colcon.colcon_core.shell:Creating environment hook '/home/eddie/Documents/GitHub/robomaster_cv/install/realsense2_camera/share/realsense2_camera/hook/cmake_prefix_path.ps1'
[23.473s] INFO:colcon.colcon_core.shell:Creating environment descriptor '/home/eddie/Documents/GitHub/robomaster_cv/install/realsense2_camera/share/realsense2_camera/hook/cmake_prefix_path.dsv'
[23.473s] INFO:colcon.colcon_core.shell:Creating environment hook '/home/eddie/Documents/GitHub/robomaster_cv/install/realsense2_camera/share/realsense2_camera/hook/cmake_prefix_path.sh'
[23.474s] Level 1:colcon.colcon_core.environment:checking '/home/eddie/Documents/GitHub/robomaster_cv/install/realsense2_camera/lib'
[23.474s] Level 1:colcon.colcon_core.shell:create_environment_hook('realsense2_camera', 'ld_library_path_lib')
[23.475s] INFO:colcon.colcon_core.shell:Creating environment hook '/home/eddie/Documents/GitHub/robomaster_cv/install/realsense2_camera/share/realsense2_camera/hook/ld_library_path_lib.ps1'
[23.475s] INFO:colcon.colcon_core.shell:Creating environment descriptor '/home/eddie/Documents/GitHub/robomaster_cv/install/realsense2_camera/share/realsense2_camera/hook/ld_library_path_lib.dsv'
[23.475s] INFO:colcon.colcon_core.shell:Creating environment hook '/home/eddie/Documents/GitHub/robomaster_cv/install/realsense2_camera/share/realsense2_camera/hook/ld_library_path_lib.sh'
[23.476s] Level 1:colcon.colcon_core.environment:checking '/home/eddie/Documents/GitHub/robomaster_cv/install/realsense2_camera/bin'
[23.476s] Level 1:colcon.colcon_core.environment:checking '/home/eddie/Documents/GitHub/robomaster_cv/install/realsense2_camera/lib/pkgconfig/realsense2_camera.pc'
[23.476s] Level 1:colcon.colcon_core.environment:checking '/home/eddie/Documents/GitHub/robomaster_cv/install/realsense2_camera/lib/python3.10/site-packages'
[23.476s] Level 1:colcon.colcon_core.environment:checking '/home/eddie/Documents/GitHub/robomaster_cv/install/realsense2_camera/bin'
[23.477s] INFO:colcon.colcon_core.shell:Creating package script '/home/eddie/Documents/GitHub/robomaster_cv/install/realsense2_camera/share/realsense2_camera/package.ps1'
[23.477s] INFO:colcon.colcon_core.shell:Creating package descriptor '/home/eddie/Documents/GitHub/robomaster_cv/install/realsense2_camera/share/realsense2_camera/package.dsv'
[23.478s] INFO:colcon.colcon_core.shell:Creating package script '/home/eddie/Documents/GitHub/robomaster_cv/install/realsense2_camera/share/realsense2_camera/package.sh'
[23.478s] INFO:colcon.colcon_core.shell:Creating package script '/home/eddie/Documents/GitHub/robomaster_cv/install/realsense2_camera/share/realsense2_camera/package.bash'
[23.478s] INFO:colcon.colcon_core.shell:Creating package script '/home/eddie/Documents/GitHub/robomaster_cv/install/realsense2_camera/share/realsense2_camera/package.zsh'
[23.478s] Level 1:colcon.colcon_core.environment:create_file_with_runtime_dependencies(/home/eddie/Documents/GitHub/robomaster_cv/install/realsense2_camera/share/colcon-core/packages/realsense2_camera)
[23.479s] DEBUG:colcon.colcon_parallel_executor.executor.parallel:closing loop
[23.479s] DEBUG:colcon.colcon_parallel_executor.executor.parallel:loop closed
[23.479s] DEBUG:colcon.colcon_parallel_executor.executor.parallel:run_until_complete finished with '0'
[23.479s] DEBUG:colcon.colcon_core.event_reactor:joining thread
[23.485s] INFO:colcon.colcon_core.plugin_system:Skipping extension 'colcon_notification.desktop_notification.notify_send': Could not find 'notify-send'
[23.485s] INFO:colcon.colcon_core.plugin_system:Skipping extension 'colcon_notification.desktop_notification.terminal_notifier': Not used on non-Darwin systems
[23.485s] INFO:colcon.colcon_core.plugin_system:Skipping extension 'colcon_notification.desktop_notification.win32': Not used on non-Windows systems
[23.485s] INFO:colcon.colcon_notification.desktop_notification:Sending desktop notification using 'notify2'
[23.524s] DEBUG:colcon.colcon_core.event_reactor:joined thread
[23.526s] INFO:colcon.colcon_core.shell:Creating prefix script '/home/eddie/Documents/GitHub/robomaster_cv/install/local_setup.ps1'
[23.526s] INFO:colcon.colcon_core.shell:Creating prefix util module '/home/eddie/Documents/GitHub/robomaster_cv/install/_local_setup_util_ps1.py'
[23.528s] INFO:colcon.colcon_core.shell:Creating prefix chain script '/home/eddie/Documents/GitHub/robomaster_cv/install/setup.ps1'
[23.529s] INFO:colcon.colcon_core.shell:Creating prefix script '/home/eddie/Documents/GitHub/robomaster_cv/install/local_setup.sh'
[23.530s] INFO:colcon.colcon_core.shell:Creating prefix util module '/home/eddie/Documents/GitHub/robomaster_cv/install/_local_setup_util_sh.py'
[23.530s] INFO:colcon.colcon_core.shell:Creating prefix chain script '/home/eddie/Documents/GitHub/robomaster_cv/install/setup.sh'
[23.532s] INFO:colcon.colcon_core.shell:Creating prefix script '/home/eddie/Documents/GitHub/robomaster_cv/install/local_setup.bash'
[23.532s] INFO:colcon.colcon_core.shell:Creating prefix chain script '/home/eddie/Documents/GitHub/robomaster_cv/install/setup.bash'
[23.533s] INFO:colcon.colcon_core.shell:Creating prefix script '/home/eddie/Documents/GitHub/robomaster_cv/install/local_setup.zsh'
[23.534s] INFO:colcon.colcon_core.shell:Creating prefix chain script '/home/eddie/Documents/GitHub/robomaster_cv/install/setup.zsh'
