[0.330s] DEBUG:colcon:Command line arguments: ['/usr/bin/colcon', 'build']
[0.330s] DEBUG:colcon:Parsed command line arguments: Namespace(log_base=None, log_level=None, verb_name='build', build_base='build', install_base='install', merge_install=False, symlink_install=False, test_result_base=None, continue_on_error=False, executor='parallel', parallel_workers=16, event_handlers=None, ignore_user_meta=False, metas=['./colcon.meta'], base_paths=['.'], packages_ignore=None, packages_ignore_regex=None, paths=None, packages_up_to=None, packages_up_to_regex=None, packages_above=None, packages_above_and_dependencies=None, packages_above_depth=None, packages_select_by_dep=None, packages_skip_by_dep=None, packages_skip_up_to=None, packages_select_build_failed=False, packages_skip_build_finished=False, packages_select_test_failures=False, packages_skip_test_passed=False, packages_select=None, packages_skip=None, packages_select_regex=None, packages_skip_regex=None, packages_start=None, packages_end=None, allow_overriding=[], cmake_args=None, cmake_target=None, cmake_target_skip_unavailable=False, cmake_clean_cache=False, cmake_clean_first=False, cmake_force_configure=False, ament_cmake_args=None, catkin_cmake_args=None, catkin_skip_building_tests=False, verb_parser=<colcon_defaults.argument_parser.defaults.DefaultArgumentsDecorator object at 0x7f5306978a00>, verb_extension=<colcon_core.verb.build.BuildVerb object at 0x7f5307161ff0>, main=<bound method BuildVerb.main of <colcon_core.verb.build.BuildVerb object at 0x7f5307161ff0>>)
[0.369s] Level 1:colcon.colcon_core.package_discovery:discover_packages(colcon_meta) check parameters
[0.369s] Level 1:colcon.colcon_core.package_discovery:discover_packages(recursive) check parameters
[0.369s] Level 1:colcon.colcon_core.package_discovery:discover_packages(ignore) check parameters
[0.369s] Level 1:colcon.colcon_core.package_discovery:discover_packages(path) check parameters
[0.369s] Level 1:colcon.colcon_core.package_discovery:discover_packages(colcon_meta) discover
[0.369s] Level 1:colcon.colcon_core.package_discovery:discover_packages(recursive) discover
[0.369s] INFO:colcon.colcon_core.package_discovery:Crawling recursively for packages in '/home/eddie/Documents/GitHub/robomaster_cv'
[0.369s] Level 1:colcon.colcon_core.package_identification:_identify(.) by extensions ['ignore', 'ignore_ament_install']
[0.370s] Level 1:colcon.colcon_core.package_identification:_identify(.) by extension 'ignore'
[0.370s] Level 1:colcon.colcon_core.package_identification:_identify(.) by extension 'ignore_ament_install'
[0.370s] Level 1:colcon.colcon_core.package_identification:_identify(.) by extensions ['colcon_pkg']
[0.370s] Level 1:colcon.colcon_core.package_identification:_identify(.) by extension 'colcon_pkg'
[0.370s] Level 1:colcon.colcon_core.package_identification:_identify(.) by extensions ['colcon_meta']
[0.370s] Level 1:colcon.colcon_core.package_identification:_identify(.) by extension 'colcon_meta'
[0.370s] Level 1:colcon.colcon_core.package_identification:_identify(.) by extensions ['ros']
[0.370s] Level 1:colcon.colcon_core.package_identification:_identify(.) by extension 'ros'
[0.380s] Level 1:colcon.colcon_core.package_identification:_identify(.) by extensions ['cmake', 'python']
[0.380s] Level 1:colcon.colcon_core.package_identification:_identify(.) by extension 'cmake'
[0.380s] Level 1:colcon.colcon_core.package_identification:_identify(.) by extension 'python'
[0.380s] Level 1:colcon.colcon_core.package_identification:_identify(.) by extensions ['python_setup_py']
[0.380s] Level 1:colcon.colcon_core.package_identification:_identify(.) by extension 'python_setup_py'
[0.380s] Level 1:colcon.colcon_core.package_identification:_identify(build) by extensions ['ignore', 'ignore_ament_install']
[0.380s] Level 1:colcon.colcon_core.package_identification:_identify(build) by extension 'ignore'
[0.381s] Level 1:colcon.colcon_core.package_identification:_identify(build) ignored
[0.381s] Level 1:colcon.colcon_core.package_identification:_identify(install) by extensions ['ignore', 'ignore_ament_install']
[0.381s] Level 1:colcon.colcon_core.package_identification:_identify(install) by extension 'ignore'
[0.381s] Level 1:colcon.colcon_core.package_identification:_identify(install) ignored
[0.381s] Level 1:colcon.colcon_core.package_identification:_identify(log) by extensions ['ignore', 'ignore_ament_install']
[0.381s] Level 1:colcon.colcon_core.package_identification:_identify(log) by extension 'ignore'
[0.381s] Level 1:colcon.colcon_core.package_identification:_identify(log) ignored
[0.381s] Level 1:colcon.colcon_core.package_identification:_identify(src) by extensions ['ignore', 'ignore_ament_install']
[0.381s] Level 1:colcon.colcon_core.package_identification:_identify(src) by extension 'ignore'
[0.381s] Level 1:colcon.colcon_core.package_identification:_identify(src) by extension 'ignore_ament_install'
[0.381s] Level 1:colcon.colcon_core.package_identification:_identify(src) by extensions ['colcon_pkg']
[0.381s] Level 1:colcon.colcon_core.package_identification:_identify(src) by extension 'colcon_pkg'
[0.381s] Level 1:colcon.colcon_core.package_identification:_identify(src) by extensions ['colcon_meta']
[0.381s] Level 1:colcon.colcon_core.package_identification:_identify(src) by extension 'colcon_meta'
[0.381s] Level 1:colcon.colcon_core.package_identification:_identify(src) by extensions ['ros']
[0.381s] Level 1:colcon.colcon_core.package_identification:_identify(src) by extension 'ros'
[0.381s] Level 1:colcon.colcon_core.package_identification:_identify(src) by extensions ['cmake', 'python']
[0.381s] Level 1:colcon.colcon_core.package_identification:_identify(src) by extension 'cmake'
[0.381s] Level 1:colcon.colcon_core.package_identification:_identify(src) by extension 'python'
[0.381s] Level 1:colcon.colcon_core.package_identification:_identify(src) by extensions ['python_setup_py']
[0.381s] Level 1:colcon.colcon_core.package_identification:_identify(src) by extension 'python_setup_py'
[0.381s] Level 1:colcon.colcon_core.package_identification:_identify(src/realsense-ros) by extensions ['ignore', 'ignore_ament_install']
[0.381s] Level 1:colcon.colcon_core.package_identification:_identify(src/realsense-ros) by extension 'ignore'
[0.382s] Level 1:colcon.colcon_core.package_identification:_identify(src/realsense-ros) by extension 'ignore_ament_install'
[0.382s] Level 1:colcon.colcon_core.package_identification:_identify(src/realsense-ros) by extensions ['colcon_pkg']
[0.382s] Level 1:colcon.colcon_core.package_identification:_identify(src/realsense-ros) by extension 'colcon_pkg'
[0.382s] Level 1:colcon.colcon_core.package_identification:_identify(src/realsense-ros) by extensions ['colcon_meta']
[0.382s] Level 1:colcon.colcon_core.package_identification:_identify(src/realsense-ros) by extension 'colcon_meta'
[0.382s] Level 1:colcon.colcon_core.package_identification:_identify(src/realsense-ros) by extensions ['ros']
[0.382s] Level 1:colcon.colcon_core.package_identification:_identify(src/realsense-ros) by extension 'ros'
[0.382s] Level 1:colcon.colcon_core.package_identification:_identify(src/realsense-ros) by extensions ['cmake', 'python']
[0.382s] Level 1:colcon.colcon_core.package_identification:_identify(src/realsense-ros) by extension 'cmake'
[0.382s] Level 1:colcon.colcon_core.package_identification:_identify(src/realsense-ros) by extension 'python'
[0.382s] Level 1:colcon.colcon_core.package_identification:_identify(src/realsense-ros) by extensions ['python_setup_py']
[0.382s] Level 1:colcon.colcon_core.package_identification:_identify(src/realsense-ros) by extension 'python_setup_py'
[0.382s] Level 1:colcon.colcon_core.package_identification:_identify(src/realsense-ros/realsense2_camera) by extensions ['ignore', 'ignore_ament_install']
[0.382s] Level 1:colcon.colcon_core.package_identification:_identify(src/realsense-ros/realsense2_camera) by extension 'ignore'
[0.382s] Level 1:colcon.colcon_core.package_identification:_identify(src/realsense-ros/realsense2_camera) by extension 'ignore_ament_install'
[0.382s] Level 1:colcon.colcon_core.package_identification:_identify(src/realsense-ros/realsense2_camera) by extensions ['colcon_pkg']
[0.382s] Level 1:colcon.colcon_core.package_identification:_identify(src/realsense-ros/realsense2_camera) by extension 'colcon_pkg'
[0.382s] Level 1:colcon.colcon_core.package_identification:_identify(src/realsense-ros/realsense2_camera) by extensions ['colcon_meta']
[0.382s] Level 1:colcon.colcon_core.package_identification:_identify(src/realsense-ros/realsense2_camera) by extension 'colcon_meta'
[0.382s] Level 1:colcon.colcon_core.package_identification:_identify(src/realsense-ros/realsense2_camera) by extensions ['ros']
[0.382s] Level 1:colcon.colcon_core.package_identification:_identify(src/realsense-ros/realsense2_camera) by extension 'ros'
[0.385s] DEBUG:colcon.colcon_core.package_identification:Package 'src/realsense-ros/realsense2_camera' with type 'ros.ament_cmake' and name 'realsense2_camera'
[0.386s] Level 1:colcon.colcon_core.package_identification:_identify(src/realsense-ros/realsense2_camera_msgs) by extensions ['ignore', 'ignore_ament_install']
[0.386s] Level 1:colcon.colcon_core.package_identification:_identify(src/realsense-ros/realsense2_camera_msgs) by extension 'ignore'
[0.386s] Level 1:colcon.colcon_core.package_identification:_identify(src/realsense-ros/realsense2_camera_msgs) by extension 'ignore_ament_install'
[0.386s] Level 1:colcon.colcon_core.package_identification:_identify(src/realsense-ros/realsense2_camera_msgs) by extensions ['colcon_pkg']
[0.386s] Level 1:colcon.colcon_core.package_identification:_identify(src/realsense-ros/realsense2_camera_msgs) by extension 'colcon_pkg'
[0.386s] Level 1:colcon.colcon_core.package_identification:_identify(src/realsense-ros/realsense2_camera_msgs) by extensions ['colcon_meta']
[0.386s] Level 1:colcon.colcon_core.package_identification:_identify(src/realsense-ros/realsense2_camera_msgs) by extension 'colcon_meta'
[0.386s] Level 1:colcon.colcon_core.package_identification:_identify(src/realsense-ros/realsense2_camera_msgs) by extensions ['ros']
[0.386s] Level 1:colcon.colcon_core.package_identification:_identify(src/realsense-ros/realsense2_camera_msgs) by extension 'ros'
[0.386s] DEBUG:colcon.colcon_core.package_identification:Package 'src/realsense-ros/realsense2_camera_msgs' with type 'ros.ament_cmake' and name 'realsense2_camera_msgs'
[0.387s] Level 1:colcon.colcon_core.package_identification:_identify(src/realsense-ros/realsense2_description) by extensions ['ignore', 'ignore_ament_install']
[0.387s] Level 1:colcon.colcon_core.package_identification:_identify(src/realsense-ros/realsense2_description) by extension 'ignore'
[0.387s] Level 1:colcon.colcon_core.package_identification:_identify(src/realsense-ros/realsense2_description) by extension 'ignore_ament_install'
[0.387s] Level 1:colcon.colcon_core.package_identification:_identify(src/realsense-ros/realsense2_description) by extensions ['colcon_pkg']
[0.387s] Level 1:colcon.colcon_core.package_identification:_identify(src/realsense-ros/realsense2_description) by extension 'colcon_pkg'
[0.387s] Level 1:colcon.colcon_core.package_identification:_identify(src/realsense-ros/realsense2_description) by extensions ['colcon_meta']
[0.387s] Level 1:colcon.colcon_core.package_identification:_identify(src/realsense-ros/realsense2_description) by extension 'colcon_meta'
[0.387s] Level 1:colcon.colcon_core.package_identification:_identify(src/realsense-ros/realsense2_description) by extensions ['ros']
[0.387s] Level 1:colcon.colcon_core.package_identification:_identify(src/realsense-ros/realsense2_description) by extension 'ros'
[0.387s] DEBUG:colcon.colcon_core.package_identification:Package 'src/realsense-ros/realsense2_description' with type 'ros.ament_cmake' and name 'realsense2_description'
[0.387s] Level 1:colcon.colcon_core.package_identification:_identify(src/realsense-ros/scripts) by extensions ['ignore', 'ignore_ament_install']
[0.387s] Level 1:colcon.colcon_core.package_identification:_identify(src/realsense-ros/scripts) by extension 'ignore'
[0.387s] Level 1:colcon.colcon_core.package_identification:_identify(src/realsense-ros/scripts) by extension 'ignore_ament_install'
[0.388s] Level 1:colcon.colcon_core.package_identification:_identify(src/realsense-ros/scripts) by extensions ['colcon_pkg']
[0.388s] Level 1:colcon.colcon_core.package_identification:_identify(src/realsense-ros/scripts) by extension 'colcon_pkg'
[0.388s] Level 1:colcon.colcon_core.package_identification:_identify(src/realsense-ros/scripts) by extensions ['colcon_meta']
[0.388s] Level 1:colcon.colcon_core.package_identification:_identify(src/realsense-ros/scripts) by extension 'colcon_meta'
[0.388s] Level 1:colcon.colcon_core.package_identification:_identify(src/realsense-ros/scripts) by extensions ['ros']
[0.388s] Level 1:colcon.colcon_core.package_identification:_identify(src/realsense-ros/scripts) by extension 'ros'
[0.388s] Level 1:colcon.colcon_core.package_identification:_identify(src/realsense-ros/scripts) by extensions ['cmake', 'python']
[0.388s] Level 1:colcon.colcon_core.package_identification:_identify(src/realsense-ros/scripts) by extension 'cmake'
[0.388s] Level 1:colcon.colcon_core.package_identification:_identify(src/realsense-ros/scripts) by extension 'python'
[0.388s] Level 1:colcon.colcon_core.package_identification:_identify(src/realsense-ros/scripts) by extensions ['python_setup_py']
[0.388s] Level 1:colcon.colcon_core.package_identification:_identify(src/realsense-ros/scripts) by extension 'python_setup_py'
[0.388s] Level 1:colcon.colcon_core.package_discovery:discover_packages(recursive) using defaults
[0.388s] Level 1:colcon.colcon_core.package_discovery:discover_packages(ignore) discover
[0.388s] Level 1:colcon.colcon_core.package_discovery:discover_packages(ignore) using defaults
[0.388s] Level 1:colcon.colcon_core.package_discovery:discover_packages(path) discover
[0.388s] Level 1:colcon.colcon_core.package_discovery:discover_packages(path) using defaults
[0.411s] Level 1:colcon.colcon_core.package_discovery:discover_packages(prefix_path) check parameters
[0.412s] Level 1:colcon.colcon_core.package_discovery:discover_packages(prefix_path) discover
[0.415s] DEBUG:colcon.colcon_installed_package_information.package_discovery:Found 273 installed packages in /opt/ros/humble
[0.416s] Level 1:colcon.colcon_core.package_discovery:discover_packages(prefix_path) using defaults
[0.457s] Level 5:colcon.colcon_core.verb:set package 'realsense2_camera_msgs' build argument 'cmake_args' from command line to 'None'
[0.457s] Level 5:colcon.colcon_core.verb:set package 'realsense2_camera_msgs' build argument 'cmake_target' from command line to 'None'
[0.457s] Level 5:colcon.colcon_core.verb:set package 'realsense2_camera_msgs' build argument 'cmake_target_skip_unavailable' from command line to 'False'
[0.457s] Level 5:colcon.colcon_core.verb:set package 'realsense2_camera_msgs' build argument 'cmake_clean_cache' from command line to 'False'
[0.457s] Level 5:colcon.colcon_core.verb:set package 'realsense2_camera_msgs' build argument 'cmake_clean_first' from command line to 'False'
[0.457s] Level 5:colcon.colcon_core.verb:set package 'realsense2_camera_msgs' build argument 'cmake_force_configure' from command line to 'False'
[0.457s] Level 5:colcon.colcon_core.verb:set package 'realsense2_camera_msgs' build argument 'ament_cmake_args' from command line to 'None'
[0.457s] Level 5:colcon.colcon_core.verb:set package 'realsense2_camera_msgs' build argument 'catkin_cmake_args' from command line to 'None'
[0.457s] Level 5:colcon.colcon_core.verb:set package 'realsense2_camera_msgs' build argument 'catkin_skip_building_tests' from command line to 'False'
[0.457s] DEBUG:colcon.colcon_core.verb:Building package 'realsense2_camera_msgs' with the following arguments: {'ament_cmake_args': None, 'build_base': '/home/eddie/Documents/GitHub/robomaster_cv/build/realsense2_camera_msgs', 'catkin_cmake_args': None, 'catkin_skip_building_tests': False, 'cmake_args': None, 'cmake_clean_cache': False, 'cmake_clean_first': False, 'cmake_force_configure': False, 'cmake_target': None, 'cmake_target_skip_unavailable': False, 'install_base': '/home/eddie/Documents/GitHub/robomaster_cv/install/realsense2_camera_msgs', 'merge_install': False, 'path': '/home/eddie/Documents/GitHub/robomaster_cv/src/realsense-ros/realsense2_camera_msgs', 'symlink_install': False, 'test_result_base': None}
[0.458s] Level 5:colcon.colcon_core.verb:set package 'realsense2_camera' build argument 'cmake_args' from command line to 'None'
[0.458s] Level 5:colcon.colcon_core.verb:set package 'realsense2_camera' build argument 'cmake_target' from command line to 'None'
[0.458s] Level 5:colcon.colcon_core.verb:set package 'realsense2_camera' build argument 'cmake_target_skip_unavailable' from command line to 'False'
[0.458s] Level 5:colcon.colcon_core.verb:set package 'realsense2_camera' build argument 'cmake_clean_cache' from command line to 'False'
[0.458s] Level 5:colcon.colcon_core.verb:set package 'realsense2_camera' build argument 'cmake_clean_first' from command line to 'False'
[0.458s] Level 5:colcon.colcon_core.verb:set package 'realsense2_camera' build argument 'cmake_force_configure' from command line to 'False'
[0.458s] Level 5:colcon.colcon_core.verb:set package 'realsense2_camera' build argument 'ament_cmake_args' from command line to 'None'
[0.458s] Level 5:colcon.colcon_core.verb:set package 'realsense2_camera' build argument 'catkin_cmake_args' from command line to 'None'
[0.458s] Level 5:colcon.colcon_core.verb:set package 'realsense2_camera' build argument 'catkin_skip_building_tests' from command line to 'False'
[0.458s] DEBUG:colcon.colcon_core.verb:Building package 'realsense2_camera' with the following arguments: {'ament_cmake_args': None, 'build_base': '/home/eddie/Documents/GitHub/robomaster_cv/build/realsense2_camera', 'catkin_cmake_args': None, 'catkin_skip_building_tests': False, 'cmake_args': None, 'cmake_clean_cache': False, 'cmake_clean_first': False, 'cmake_force_configure': False, 'cmake_target': None, 'cmake_target_skip_unavailable': False, 'install_base': '/home/eddie/Documents/GitHub/robomaster_cv/install/realsense2_camera', 'merge_install': False, 'path': '/home/eddie/Documents/GitHub/robomaster_cv/src/realsense-ros/realsense2_camera', 'symlink_install': False, 'test_result_base': None}
[0.459s] Level 5:colcon.colcon_core.verb:set package 'realsense2_description' build argument 'cmake_args' from command line to 'None'
[0.459s] Level 5:colcon.colcon_core.verb:set package 'realsense2_description' build argument 'cmake_target' from command line to 'None'
[0.459s] Level 5:colcon.colcon_core.verb:set package 'realsense2_description' build argument 'cmake_target_skip_unavailable' from command line to 'False'
[0.459s] Level 5:colcon.colcon_core.verb:set package 'realsense2_description' build argument 'cmake_clean_cache' from command line to 'False'
[0.459s] Level 5:colcon.colcon_core.verb:set package 'realsense2_description' build argument 'cmake_clean_first' from command line to 'False'
[0.459s] Level 5:colcon.colcon_core.verb:set package 'realsense2_description' build argument 'cmake_force_configure' from command line to 'False'
[0.459s] Level 5:colcon.colcon_core.verb:set package 'realsense2_description' build argument 'ament_cmake_args' from command line to 'None'
[0.459s] Level 5:colcon.colcon_core.verb:set package 'realsense2_description' build argument 'catkin_cmake_args' from command line to 'None'
[0.459s] Level 5:colcon.colcon_core.verb:set package 'realsense2_description' build argument 'catkin_skip_building_tests' from command line to 'False'
[0.459s] DEBUG:colcon.colcon_core.verb:Building package 'realsense2_description' with the following arguments: {'ament_cmake_args': None, 'build_base': '/home/eddie/Documents/GitHub/robomaster_cv/build/realsense2_description', 'catkin_cmake_args': None, 'catkin_skip_building_tests': False, 'cmake_args': None, 'cmake_clean_cache': False, 'cmake_clean_first': False, 'cmake_force_configure': False, 'cmake_target': None, 'cmake_target_skip_unavailable': False, 'install_base': '/home/eddie/Documents/GitHub/robomaster_cv/install/realsense2_description', 'merge_install': False, 'path': '/home/eddie/Documents/GitHub/robomaster_cv/src/realsense-ros/realsense2_description', 'symlink_install': False, 'test_result_base': None}
[0.460s] INFO:colcon.colcon_core.executor:Executing jobs using 'parallel' executor
[0.462s] DEBUG:colcon.colcon_parallel_executor.executor.parallel:run_until_complete
[0.462s] INFO:colcon.colcon_ros.task.ament_cmake.build:Building ROS package in '/home/eddie/Documents/GitHub/robomaster_cv/src/realsense-ros/realsense2_camera_msgs' with build type 'ament_cmake'
[0.462s] INFO:colcon.colcon_cmake.task.cmake.build:Building CMake package in '/home/eddie/Documents/GitHub/robomaster_cv/src/realsense-ros/realsense2_camera_msgs'
[0.468s] INFO:colcon.colcon_core.plugin_system:Skipping extension 'colcon_core.shell.bat': Not used on non-Windows systems
[0.468s] INFO:colcon.colcon_core.shell:Skip shell extension 'powershell' for command environment: Not usable outside of PowerShell
[0.468s] DEBUG:colcon.colcon_core.shell:Skip shell extension 'dsv' for command environment
[0.475s] DEBUG:colcon.colcon_core.event_handler.log_command:Invoking command in '/home/eddie/Documents/GitHub/robomaster_cv/build/realsense2_camera_msgs': CMAKE_PREFIX_PATH=/opt/ros/humble /usr/bin/cmake --build /home/eddie/Documents/GitHub/robomaster_cv/build/realsense2_camera_msgs -- -j16 -l16
[0.757s] DEBUG:colcon.colcon_core.event_handler.log_command:Invoked command in '/home/eddie/Documents/GitHub/robomaster_cv/build/realsense2_camera_msgs' returned '0': CMAKE_PREFIX_PATH=/opt/ros/humble /usr/bin/cmake --build /home/eddie/Documents/GitHub/robomaster_cv/build/realsense2_camera_msgs -- -j16 -l16
[0.850s] DEBUG:colcon.colcon_core.event_handler.log_command:Invoking command in '/home/eddie/Documents/GitHub/robomaster_cv/build/realsense2_camera_msgs': CMAKE_PREFIX_PATH=/opt/ros/humble /usr/bin/cmake --install /home/eddie/Documents/GitHub/robomaster_cv/build/realsense2_camera_msgs
[0.905s] Level 1:colcon.colcon_core.environment:create_environment_scripts_only(realsense2_camera_msgs)
[0.906s] DEBUG:colcon.colcon_core.event_handler.log_command:Invoked command in '/home/eddie/Documents/GitHub/robomaster_cv/build/realsense2_camera_msgs' returned '0': CMAKE_PREFIX_PATH=/opt/ros/humble /usr/bin/cmake --install /home/eddie/Documents/GitHub/robomaster_cv/build/realsense2_camera_msgs
[0.911s] Level 1:colcon.colcon_core.environment:checking '/home/eddie/Documents/GitHub/robomaster_cv/install/realsense2_camera_msgs' for CMake module files
[0.912s] Level 1:colcon.colcon_core.environment:checking '/home/eddie/Documents/GitHub/robomaster_cv/install/realsense2_camera_msgs' for CMake config files
[0.912s] Level 1:colcon.colcon_core.shell:create_environment_hook('realsense2_camera_msgs', 'cmake_prefix_path')
[0.913s] INFO:colcon.colcon_core.shell:Creating environment hook '/home/eddie/Documents/GitHub/robomaster_cv/install/realsense2_camera_msgs/share/realsense2_camera_msgs/hook/cmake_prefix_path.ps1'
[0.913s] INFO:colcon.colcon_core.shell:Creating environment descriptor '/home/eddie/Documents/GitHub/robomaster_cv/install/realsense2_camera_msgs/share/realsense2_camera_msgs/hook/cmake_prefix_path.dsv'
[0.914s] INFO:colcon.colcon_core.shell:Creating environment hook '/home/eddie/Documents/GitHub/robomaster_cv/install/realsense2_camera_msgs/share/realsense2_camera_msgs/hook/cmake_prefix_path.sh'
[0.915s] Level 1:colcon.colcon_core.environment:checking '/home/eddie/Documents/GitHub/robomaster_cv/install/realsense2_camera_msgs/lib'
[0.915s] Level 1:colcon.colcon_core.shell:create_environment_hook('realsense2_camera_msgs', 'ld_library_path_lib')
[0.916s] INFO:colcon.colcon_core.shell:Creating environment hook '/home/eddie/Documents/GitHub/robomaster_cv/install/realsense2_camera_msgs/share/realsense2_camera_msgs/hook/ld_library_path_lib.ps1'
[0.916s] INFO:colcon.colcon_core.shell:Creating environment descriptor '/home/eddie/Documents/GitHub/robomaster_cv/install/realsense2_camera_msgs/share/realsense2_camera_msgs/hook/ld_library_path_lib.dsv'
[0.916s] INFO:colcon.colcon_core.shell:Creating environment hook '/home/eddie/Documents/GitHub/robomaster_cv/install/realsense2_camera_msgs/share/realsense2_camera_msgs/hook/ld_library_path_lib.sh'
[0.916s] Level 1:colcon.colcon_core.environment:checking '/home/eddie/Documents/GitHub/robomaster_cv/install/realsense2_camera_msgs/bin'
[0.916s] Level 1:colcon.colcon_core.environment:checking '/home/eddie/Documents/GitHub/robomaster_cv/install/realsense2_camera_msgs/lib/pkgconfig/realsense2_camera_msgs.pc'
[0.917s] Level 1:colcon.colcon_core.environment:checking '/home/eddie/Documents/GitHub/robomaster_cv/install/realsense2_camera_msgs/lib/python3.10/site-packages'
[0.917s] Level 1:colcon.colcon_core.environment:checking '/home/eddie/Documents/GitHub/robomaster_cv/install/realsense2_camera_msgs/bin'
[0.918s] INFO:colcon.colcon_core.shell:Creating package script '/home/eddie/Documents/GitHub/robomaster_cv/install/realsense2_camera_msgs/share/realsense2_camera_msgs/package.ps1'
[0.918s] INFO:colcon.colcon_core.shell:Creating package descriptor '/home/eddie/Documents/GitHub/robomaster_cv/install/realsense2_camera_msgs/share/realsense2_camera_msgs/package.dsv'
[0.919s] INFO:colcon.colcon_core.shell:Creating package script '/home/eddie/Documents/GitHub/robomaster_cv/install/realsense2_camera_msgs/share/realsense2_camera_msgs/package.sh'
[0.920s] INFO:colcon.colcon_core.shell:Creating package script '/home/eddie/Documents/GitHub/robomaster_cv/install/realsense2_camera_msgs/share/realsense2_camera_msgs/package.bash'
[0.920s] INFO:colcon.colcon_core.shell:Creating package script '/home/eddie/Documents/GitHub/robomaster_cv/install/realsense2_camera_msgs/share/realsense2_camera_msgs/package.zsh'
[0.921s] Level 1:colcon.colcon_core.environment:create_file_with_runtime_dependencies(/home/eddie/Documents/GitHub/robomaster_cv/install/realsense2_camera_msgs/share/colcon-core/packages/realsense2_camera_msgs)
[1.006s] Level 1:colcon.colcon_core.environment:create_environment_scripts_only(realsense2_camera_msgs)
[1.007s] Level 1:colcon.colcon_core.environment:checking '/home/eddie/Documents/GitHub/robomaster_cv/install/realsense2_camera_msgs' for CMake module files
[1.008s] Level 1:colcon.colcon_core.environment:checking '/home/eddie/Documents/GitHub/robomaster_cv/install/realsense2_camera_msgs' for CMake config files
[1.008s] Level 1:colcon.colcon_core.shell:create_environment_hook('realsense2_camera_msgs', 'cmake_prefix_path')
[1.009s] INFO:colcon.colcon_core.shell:Creating environment hook '/home/eddie/Documents/GitHub/robomaster_cv/install/realsense2_camera_msgs/share/realsense2_camera_msgs/hook/cmake_prefix_path.ps1'
[1.009s] INFO:colcon.colcon_core.shell:Creating environment descriptor '/home/eddie/Documents/GitHub/robomaster_cv/install/realsense2_camera_msgs/share/realsense2_camera_msgs/hook/cmake_prefix_path.dsv'
[1.010s] INFO:colcon.colcon_core.shell:Creating environment hook '/home/eddie/Documents/GitHub/robomaster_cv/install/realsense2_camera_msgs/share/realsense2_camera_msgs/hook/cmake_prefix_path.sh'
[1.010s] Level 1:colcon.colcon_core.environment:checking '/home/eddie/Documents/GitHub/robomaster_cv/install/realsense2_camera_msgs/lib'
[1.010s] Level 1:colcon.colcon_core.shell:create_environment_hook('realsense2_camera_msgs', 'ld_library_path_lib')
[1.011s] INFO:colcon.colcon_core.shell:Creating environment hook '/home/eddie/Documents/GitHub/robomaster_cv/install/realsense2_camera_msgs/share/realsense2_camera_msgs/hook/ld_library_path_lib.ps1'
[1.012s] INFO:colcon.colcon_core.shell:Creating environment descriptor '/home/eddie/Documents/GitHub/robomaster_cv/install/realsense2_camera_msgs/share/realsense2_camera_msgs/hook/ld_library_path_lib.dsv'
[1.012s] INFO:colcon.colcon_core.shell:Creating environment hook '/home/eddie/Documents/GitHub/robomaster_cv/install/realsense2_camera_msgs/share/realsense2_camera_msgs/hook/ld_library_path_lib.sh'
[1.012s] Level 1:colcon.colcon_core.environment:checking '/home/eddie/Documents/GitHub/robomaster_cv/install/realsense2_camera_msgs/bin'
[1.012s] Level 1:colcon.colcon_core.environment:checking '/home/eddie/Documents/GitHub/robomaster_cv/install/realsense2_camera_msgs/lib/pkgconfig/realsense2_camera_msgs.pc'
[1.012s] Level 1:colcon.colcon_core.environment:checking '/home/eddie/Documents/GitHub/robomaster_cv/install/realsense2_camera_msgs/lib/python3.10/site-packages'
[1.013s] Level 1:colcon.colcon_core.environment:checking '/home/eddie/Documents/GitHub/robomaster_cv/install/realsense2_camera_msgs/bin'
[1.014s] INFO:colcon.colcon_core.shell:Creating package script '/home/eddie/Documents/GitHub/robomaster_cv/install/realsense2_camera_msgs/share/realsense2_camera_msgs/package.ps1'
[1.014s] INFO:colcon.colcon_core.shell:Creating package descriptor '/home/eddie/Documents/GitHub/robomaster_cv/install/realsense2_camera_msgs/share/realsense2_camera_msgs/package.dsv'
[1.015s] INFO:colcon.colcon_core.shell:Creating package script '/home/eddie/Documents/GitHub/robomaster_cv/install/realsense2_camera_msgs/share/realsense2_camera_msgs/package.sh'
[1.015s] INFO:colcon.colcon_core.shell:Creating package script '/home/eddie/Documents/GitHub/robomaster_cv/install/realsense2_camera_msgs/share/realsense2_camera_msgs/package.bash'
[1.015s] INFO:colcon.colcon_core.shell:Creating package script '/home/eddie/Documents/GitHub/robomaster_cv/install/realsense2_camera_msgs/share/realsense2_camera_msgs/package.zsh'
[1.016s] Level 1:colcon.colcon_core.environment:create_file_with_runtime_dependencies(/home/eddie/Documents/GitHub/robomaster_cv/install/realsense2_camera_msgs/share/colcon-core/packages/realsense2_camera_msgs)
[1.016s] INFO:colcon.colcon_ros.task.ament_cmake.build:Building ROS package in '/home/eddie/Documents/GitHub/robomaster_cv/src/realsense-ros/realsense2_camera' with build type 'ament_cmake'
[1.016s] INFO:colcon.colcon_cmake.task.cmake.build:Building CMake package in '/home/eddie/Documents/GitHub/robomaster_cv/src/realsense-ros/realsense2_camera'
[1.017s] INFO:colcon.colcon_core.shell:Skip shell extension 'powershell' for command environment: Not usable outside of PowerShell
[1.017s] DEBUG:colcon.colcon_core.shell:Skip shell extension 'dsv' for command environment
[1.021s] INFO:colcon.colcon_ros.task.ament_cmake.build:Building ROS package in '/home/eddie/Documents/GitHub/robomaster_cv/src/realsense-ros/realsense2_description' with build type 'ament_cmake'
[1.021s] INFO:colcon.colcon_cmake.task.cmake.build:Building CMake package in '/home/eddie/Documents/GitHub/robomaster_cv/src/realsense-ros/realsense2_description'
[1.022s] INFO:colcon.colcon_core.shell:Skip shell extension 'powershell' for command environment: Not usable outside of PowerShell
[1.022s] DEBUG:colcon.colcon_core.shell:Skip shell extension 'dsv' for command environment
[1.029s] DEBUG:colcon.colcon_core.event_handler.log_command:Invoking command in '/home/eddie/Documents/GitHub/robomaster_cv/build/realsense2_camera': AMENT_PREFIX_PATH=/home/eddie/Documents/GitHub/robomaster_cv/install/realsense2_camera_msgs:${AMENT_PREFIX_PATH} CMAKE_PREFIX_PATH=/home/eddie/Documents/GitHub/robomaster_cv/install/realsense2_camera_msgs:/opt/ros/humble LD_LIBRARY_PATH=/home/eddie/Documents/GitHub/robomaster_cv/install/realsense2_camera_msgs/lib:${LD_LIBRARY_PATH} PYTHONPATH=/home/eddie/Documents/GitHub/robomaster_cv/install/realsense2_camera_msgs/local/lib/python3.10/dist-packages:${PYTHONPATH} /usr/bin/cmake /home/eddie/Documents/GitHub/robomaster_cv/src/realsense-ros/realsense2_camera -DCMAKE_INSTALL_PREFIX=/home/eddie/Documents/GitHub/robomaster_cv/install/realsense2_camera
[1.033s] DEBUG:colcon.colcon_core.event_handler.log_command:Invoking command in '/home/eddie/Documents/GitHub/robomaster_cv/build/realsense2_description': AMENT_PREFIX_PATH=/home/eddie/Documents/GitHub/robomaster_cv/install/realsense2_camera_msgs:${AMENT_PREFIX_PATH} CMAKE_PREFIX_PATH=/home/eddie/Documents/GitHub/robomaster_cv/install/realsense2_camera_msgs:/opt/ros/humble LD_LIBRARY_PATH=/home/eddie/Documents/GitHub/robomaster_cv/install/realsense2_camera_msgs/lib:${LD_LIBRARY_PATH} PYTHONPATH=/home/eddie/Documents/GitHub/robomaster_cv/install/realsense2_camera_msgs/local/lib/python3.10/dist-packages:${PYTHONPATH} /usr/bin/cmake --build /home/eddie/Documents/GitHub/robomaster_cv/build/realsense2_description -- -j16 -l16
[1.063s] DEBUG:colcon.colcon_core.event_handler.log_command:Invoked command in '/home/eddie/Documents/GitHub/robomaster_cv/build/realsense2_description' returned '0': AMENT_PREFIX_PATH=/home/eddie/Documents/GitHub/robomaster_cv/install/realsense2_camera_msgs:${AMENT_PREFIX_PATH} CMAKE_PREFIX_PATH=/home/eddie/Documents/GitHub/robomaster_cv/install/realsense2_camera_msgs:/opt/ros/humble LD_LIBRARY_PATH=/home/eddie/Documents/GitHub/robomaster_cv/install/realsense2_camera_msgs/lib:${LD_LIBRARY_PATH} PYTHONPATH=/home/eddie/Documents/GitHub/robomaster_cv/install/realsense2_camera_msgs/local/lib/python3.10/dist-packages:${PYTHONPATH} /usr/bin/cmake --build /home/eddie/Documents/GitHub/robomaster_cv/build/realsense2_description -- -j16 -l16
[1.084s] DEBUG:colcon.colcon_core.event_handler.log_command:Invoking command in '/home/eddie/Documents/GitHub/robomaster_cv/build/realsense2_description': AMENT_PREFIX_PATH=/home/eddie/Documents/GitHub/robomaster_cv/install/realsense2_camera_msgs:${AMENT_PREFIX_PATH} CMAKE_PREFIX_PATH=/home/eddie/Documents/GitHub/robomaster_cv/install/realsense2_camera_msgs:/opt/ros/humble LD_LIBRARY_PATH=/home/eddie/Documents/GitHub/robomaster_cv/install/realsense2_camera_msgs/lib:${LD_LIBRARY_PATH} PYTHONPATH=/home/eddie/Documents/GitHub/robomaster_cv/install/realsense2_camera_msgs/local/lib/python3.10/dist-packages:${PYTHONPATH} /usr/bin/cmake --install /home/eddie/Documents/GitHub/robomaster_cv/build/realsense2_description
[1.093s] Level 1:colcon.colcon_core.environment:create_environment_scripts_only(realsense2_description)
[1.095s] Level 1:colcon.colcon_core.environment:checking '/home/eddie/Documents/GitHub/robomaster_cv/install/realsense2_description' for CMake module files
[1.097s] DEBUG:colcon.colcon_core.event_handler.log_command:Invoked command in '/home/eddie/Documents/GitHub/robomaster_cv/build/realsense2_description' returned '0': AMENT_PREFIX_PATH=/home/eddie/Documents/GitHub/robomaster_cv/install/realsense2_camera_msgs:${AMENT_PREFIX_PATH} CMAKE_PREFIX_PATH=/home/eddie/Documents/GitHub/robomaster_cv/install/realsense2_camera_msgs:/opt/ros/humble LD_LIBRARY_PATH=/home/eddie/Documents/GitHub/robomaster_cv/install/realsense2_camera_msgs/lib:${LD_LIBRARY_PATH} PYTHONPATH=/home/eddie/Documents/GitHub/robomaster_cv/install/realsense2_camera_msgs/local/lib/python3.10/dist-packages:${PYTHONPATH} /usr/bin/cmake --install /home/eddie/Documents/GitHub/robomaster_cv/build/realsense2_description
[1.097s] Level 1:colcon.colcon_core.environment:checking '/home/eddie/Documents/GitHub/robomaster_cv/install/realsense2_description' for CMake config files
[1.097s] Level 1:colcon.colcon_core.shell:create_environment_hook('realsense2_description', 'cmake_prefix_path')
[1.098s] INFO:colcon.colcon_core.shell:Creating environment hook '/home/eddie/Documents/GitHub/robomaster_cv/install/realsense2_description/share/realsense2_description/hook/cmake_prefix_path.ps1'
[1.099s] INFO:colcon.colcon_core.shell:Creating environment descriptor '/home/eddie/Documents/GitHub/robomaster_cv/install/realsense2_description/share/realsense2_description/hook/cmake_prefix_path.dsv'
[1.099s] INFO:colcon.colcon_core.shell:Creating environment hook '/home/eddie/Documents/GitHub/robomaster_cv/install/realsense2_description/share/realsense2_description/hook/cmake_prefix_path.sh'
[1.099s] Level 1:colcon.colcon_core.environment:checking '/home/eddie/Documents/GitHub/robomaster_cv/install/realsense2_description/bin'
[1.099s] Level 1:colcon.colcon_core.environment:checking '/home/eddie/Documents/GitHub/robomaster_cv/install/realsense2_description/lib/pkgconfig/realsense2_description.pc'
[1.100s] Level 1:colcon.colcon_core.environment:checking '/home/eddie/Documents/GitHub/robomaster_cv/install/realsense2_description/lib/python3.10/site-packages'
[1.100s] Level 1:colcon.colcon_core.environment:checking '/home/eddie/Documents/GitHub/robomaster_cv/install/realsense2_description/bin'
[1.101s] INFO:colcon.colcon_core.shell:Creating package script '/home/eddie/Documents/GitHub/robomaster_cv/install/realsense2_description/share/realsense2_description/package.ps1'
[1.101s] INFO:colcon.colcon_core.shell:Creating package descriptor '/home/eddie/Documents/GitHub/robomaster_cv/install/realsense2_description/share/realsense2_description/package.dsv'
[1.102s] INFO:colcon.colcon_core.shell:Creating package script '/home/eddie/Documents/GitHub/robomaster_cv/install/realsense2_description/share/realsense2_description/package.sh'
[1.102s] INFO:colcon.colcon_core.shell:Creating package script '/home/eddie/Documents/GitHub/robomaster_cv/install/realsense2_description/share/realsense2_description/package.bash'
[1.102s] INFO:colcon.colcon_core.shell:Creating package script '/home/eddie/Documents/GitHub/robomaster_cv/install/realsense2_description/share/realsense2_description/package.zsh'
[1.102s] Level 1:colcon.colcon_core.environment:create_file_with_runtime_dependencies(/home/eddie/Documents/GitHub/robomaster_cv/install/realsense2_description/share/colcon-core/packages/realsense2_description)
[1.119s] Level 1:colcon.colcon_core.environment:create_environment_scripts_only(realsense2_description)
[1.121s] Level 1:colcon.colcon_core.environment:checking '/home/eddie/Documents/GitHub/robomaster_cv/install/realsense2_description' for CMake module files
[1.121s] Level 1:colcon.colcon_core.environment:checking '/home/eddie/Documents/GitHub/robomaster_cv/install/realsense2_description' for CMake config files
[1.121s] Level 1:colcon.colcon_core.shell:create_environment_hook('realsense2_description', 'cmake_prefix_path')
[1.122s] INFO:colcon.colcon_core.shell:Creating environment hook '/home/eddie/Documents/GitHub/robomaster_cv/install/realsense2_description/share/realsense2_description/hook/cmake_prefix_path.ps1'
[1.123s] INFO:colcon.colcon_core.shell:Creating environment descriptor '/home/eddie/Documents/GitHub/robomaster_cv/install/realsense2_description/share/realsense2_description/hook/cmake_prefix_path.dsv'
[1.123s] INFO:colcon.colcon_core.shell:Creating environment hook '/home/eddie/Documents/GitHub/robomaster_cv/install/realsense2_description/share/realsense2_description/hook/cmake_prefix_path.sh'
[1.123s] Level 1:colcon.colcon_core.environment:checking '/home/eddie/Documents/GitHub/robomaster_cv/install/realsense2_description/bin'
[1.123s] Level 1:colcon.colcon_core.environment:checking '/home/eddie/Documents/GitHub/robomaster_cv/install/realsense2_description/lib/pkgconfig/realsense2_description.pc'
[1.124s] Level 1:colcon.colcon_core.environment:checking '/home/eddie/Documents/GitHub/robomaster_cv/install/realsense2_description/lib/python3.10/site-packages'
[1.124s] Level 1:colcon.colcon_core.environment:checking '/home/eddie/Documents/GitHub/robomaster_cv/install/realsense2_description/bin'
[1.125s] INFO:colcon.colcon_core.shell:Creating package script '/home/eddie/Documents/GitHub/robomaster_cv/install/realsense2_description/share/realsense2_description/package.ps1'
[1.125s] INFO:colcon.colcon_core.shell:Creating package descriptor '/home/eddie/Documents/GitHub/robomaster_cv/install/realsense2_description/share/realsense2_description/package.dsv'
[1.126s] INFO:colcon.colcon_core.shell:Creating package script '/home/eddie/Documents/GitHub/robomaster_cv/install/realsense2_description/share/realsense2_description/package.sh'
[1.126s] INFO:colcon.colcon_core.shell:Creating package script '/home/eddie/Documents/GitHub/robomaster_cv/install/realsense2_description/share/realsense2_description/package.bash'
[1.126s] INFO:colcon.colcon_core.shell:Creating package script '/home/eddie/Documents/GitHub/robomaster_cv/install/realsense2_description/share/realsense2_description/package.zsh'
[1.127s] Level 1:colcon.colcon_core.environment:create_file_with_runtime_dependencies(/home/eddie/Documents/GitHub/robomaster_cv/install/realsense2_description/share/colcon-core/packages/realsense2_description)
[2.264s] DEBUG:colcon.colcon_core.event_handler.log_command:Invoked command in '/home/eddie/Documents/GitHub/robomaster_cv/build/realsense2_camera' returned '1': AMENT_PREFIX_PATH=/home/eddie/Documents/GitHub/robomaster_cv/install/realsense2_camera_msgs:${AMENT_PREFIX_PATH} CMAKE_PREFIX_PATH=/home/eddie/Documents/GitHub/robomaster_cv/install/realsense2_camera_msgs:/opt/ros/humble LD_LIBRARY_PATH=/home/eddie/Documents/GitHub/robomaster_cv/install/realsense2_camera_msgs/lib:${LD_LIBRARY_PATH} PYTHONPATH=/home/eddie/Documents/GitHub/robomaster_cv/install/realsense2_camera_msgs/local/lib/python3.10/dist-packages:${PYTHONPATH} /usr/bin/cmake /home/eddie/Documents/GitHub/robomaster_cv/src/realsense-ros/realsense2_camera -DCMAKE_INSTALL_PREFIX=/home/eddie/Documents/GitHub/robomaster_cv/install/realsense2_camera
[2.275s] Level 1:colcon.colcon_core.environment:create_environment_scripts_only(realsense2_camera)
[2.278s] Level 1:colcon.colcon_core.environment:checking '/home/eddie/Documents/GitHub/robomaster_cv/install/realsense2_camera' for CMake module files
[2.279s] Level 1:colcon.colcon_core.environment:checking '/home/eddie/Documents/GitHub/robomaster_cv/install/realsense2_camera' for CMake config files
[2.280s] Level 1:colcon.colcon_core.environment:checking '/home/eddie/Documents/GitHub/robomaster_cv/install/realsense2_camera/bin'
[2.280s] Level 1:colcon.colcon_core.environment:checking '/home/eddie/Documents/GitHub/robomaster_cv/install/realsense2_camera/lib/pkgconfig/realsense2_camera.pc'
[2.280s] Level 1:colcon.colcon_core.environment:checking '/home/eddie/Documents/GitHub/robomaster_cv/install/realsense2_camera/lib/python3.10/site-packages'
[2.281s] Level 1:colcon.colcon_core.environment:checking '/home/eddie/Documents/GitHub/robomaster_cv/install/realsense2_camera/bin'
[2.283s] INFO:colcon.colcon_core.shell:Creating package script '/home/eddie/Documents/GitHub/robomaster_cv/install/realsense2_camera/share/realsense2_camera/package.ps1'
[2.283s] INFO:colcon.colcon_core.shell:Creating package descriptor '/home/eddie/Documents/GitHub/robomaster_cv/install/realsense2_camera/share/realsense2_camera/package.dsv'
[2.284s] INFO:colcon.colcon_core.shell:Creating package script '/home/eddie/Documents/GitHub/robomaster_cv/install/realsense2_camera/share/realsense2_camera/package.sh'
[2.284s] INFO:colcon.colcon_core.shell:Creating package script '/home/eddie/Documents/GitHub/robomaster_cv/install/realsense2_camera/share/realsense2_camera/package.bash'
[2.285s] INFO:colcon.colcon_core.shell:Creating package script '/home/eddie/Documents/GitHub/robomaster_cv/install/realsense2_camera/share/realsense2_camera/package.zsh'
[2.286s] Level 1:colcon.colcon_core.environment:create_file_with_runtime_dependencies(/home/eddie/Documents/GitHub/robomaster_cv/install/realsense2_camera/share/colcon-core/packages/realsense2_camera)
[2.296s] DEBUG:colcon.colcon_parallel_executor.executor.parallel:closing loop
[2.297s] DEBUG:colcon.colcon_parallel_executor.executor.parallel:loop closed
[2.297s] DEBUG:colcon.colcon_parallel_executor.executor.parallel:run_until_complete finished with '1'
[2.297s] DEBUG:colcon.colcon_core.event_reactor:joining thread
[2.303s] INFO:colcon.colcon_core.plugin_system:Skipping extension 'colcon_notification.desktop_notification.notify_send': Could not find 'notify-send'
[2.303s] INFO:colcon.colcon_core.plugin_system:Skipping extension 'colcon_notification.desktop_notification.terminal_notifier': Not used on non-Darwin systems
[2.303s] INFO:colcon.colcon_core.plugin_system:Skipping extension 'colcon_notification.desktop_notification.win32': Not used on non-Windows systems
[2.303s] INFO:colcon.colcon_notification.desktop_notification:Sending desktop notification using 'notify2'
[2.336s] DEBUG:colcon.colcon_core.event_reactor:joined thread
[2.337s] INFO:colcon.colcon_core.shell:Creating prefix script '/home/eddie/Documents/GitHub/robomaster_cv/install/local_setup.ps1'
[2.339s] INFO:colcon.colcon_core.shell:Creating prefix util module '/home/eddie/Documents/GitHub/robomaster_cv/install/_local_setup_util_ps1.py'
[2.341s] INFO:colcon.colcon_core.shell:Creating prefix chain script '/home/eddie/Documents/GitHub/robomaster_cv/install/setup.ps1'
[2.342s] INFO:colcon.colcon_core.shell:Creating prefix script '/home/eddie/Documents/GitHub/robomaster_cv/install/local_setup.sh'
[2.343s] INFO:colcon.colcon_core.shell:Creating prefix util module '/home/eddie/Documents/GitHub/robomaster_cv/install/_local_setup_util_sh.py'
[2.344s] INFO:colcon.colcon_core.shell:Creating prefix chain script '/home/eddie/Documents/GitHub/robomaster_cv/install/setup.sh'
[2.346s] INFO:colcon.colcon_core.shell:Creating prefix script '/home/eddie/Documents/GitHub/robomaster_cv/install/local_setup.bash'
[2.347s] INFO:colcon.colcon_core.shell:Creating prefix chain script '/home/eddie/Documents/GitHub/robomaster_cv/install/setup.bash'
[2.349s] INFO:colcon.colcon_core.shell:Creating prefix script '/home/eddie/Documents/GitHub/robomaster_cv/install/local_setup.zsh'
[2.349s] INFO:colcon.colcon_core.shell:Creating prefix chain script '/home/eddie/Documents/GitHub/robomaster_cv/install/setup.zsh'
